0.8825910687446594
0.9251012206077576
0.9372469782829285
0.9412955641746521
0.9352226853370667
0.9392712712287903
0.9392712712287903
0.9453441500663757
0.9473684430122375
0.9554656147956848
0.8724696636199951
0.9008097052574158
0.9129554629325867
0.9149797558784485
0.9190283417701721
0.9230769276618958
0.931174099445343
0.9331983923912048
0.9331983923912048
0.9352226853370667
0.8846153616905212
0.9048582911491394
0.9230769276618958
0.9291498064994812
0.9190283417701721
0.9190283417701721
0.9230769276618958
0.9230769276618958
0.931174099445343
