0.8815789222717285
0.9139676094055176
0.9129554629325867
0.9180161952972412
0.9210526347160339
0.9220647811889648
0.9240890741348267
0.9291498064994812
0.9271255135536194
0.9291498064994812
0.852226734161377
0.9068825840950012
0.9352226853370667
0.9392712712287903
0.9372469782829285
0.9433198571205139
0.9453441500663757
0.9514170289039612
0.9514170289039612
0.9514170289039612
0.8502024412155151
0.9048582911491394
0.9251012206077576
0.9271255135536194
0.931174099445343
0.9392712712287903
0.9331983923912048
0.9352226853370667
0.9392712712287903
0.9433198571205139
0.829959511756897
0.876518189907074
0.9008097052574158
0.9251012206077576
0.9331983923912048
0.9352226853370667
0.9372469782829285
0.9352226853370667
0.9352226853370667
0.9453441500663757
0.8866396546363831
0.9078947305679321
0.9149797558784485
0.9261133670806885
0.9271255135536194
0.9271255135536194
0.9281376600265503
0.931174099445343
0.9372469782829285
0.9362348318099976
0.8562753200531006
0.9008097052574158
0.909919023513794
0.9109311699867249
0.9170040488243103
0.9230769276618958
0.9230769276618958
0.9210526347160339
0.9220647811889648
0.9230769276618958
