0.4322296679019928
0.3073875904083252
0.22999924421310425
0.19064782559871674
0.1670158952474594
0.15610267221927643
0.14915695786476135
0.14424444735050201
0.1396460235118866
0.13906487822532654
0.4486207365989685
0.31757229566574097
0.2528086006641388
0.22585149109363556
0.20630159974098206
0.1981804221868515
0.19427886605262756
0.1923629492521286
0.17618708312511444
0.16376151144504547
0.46833112835884094
0.34921592473983765
0.2710787057876587
0.2275109887123108
0.20397816598415375
0.19154487550258636
0.18524181842803955
0.17747430503368378
0.1763041615486145
0.1709601879119873
