0.8795546293258667
0.9210526347160339
0.9240890741348267
0.9271255135536194
0.9321862459182739
0.9210526347160339
0.9281376600265503
0.9331983923912048
0.9342105388641357
0.9453441500663757
0.8643724918365479
0.9149797558784485
0.9352226853370667
0.931174099445343
0.9352226853370667
0.9433198571205139
0.9372469782829285
0.9412955641746521
0.9453441500663757
0.9412955641746521
0.841093122959137
0.8866396546363831
0.9170040488243103
0.9139676094055176
0.9291498064994812
0.908906877040863
0.9372469782829285
0.9149797558784485
0.9382591247558594
0.9119433164596558
0.887651801109314
0.9129554629325867
0.9352226853370667
0.9392712712287903
0.9291498064994812
0.908906877040863
0.9412955641746521
0.9372469782829285
0.9504048824310303
0.9412955641746521
0.8684210777282715
0.9149797558784485
0.9129554629325867
0.9281376600265503
0.9180161952972412
0.9261133670806885
0.9291498064994812
0.9321862459182739
0.9321862459182739
0.9382591247558594
