0.4104689061641693
0.3026319742202759
0.24884545803070068
0.21086812019348145
0.2037433534860611
0.1939041167497635
0.1835249364376068
0.18117497861385345
0.17800036072731018
0.16899046301841736
0.3701063096523285
0.279439240694046
0.2259538471698761
0.17817005515098572
0.17054016888141632
0.16705049574375153
0.1511877179145813
0.1508232057094574
0.1507369577884674
0.13468872010707855
0.4723740518093109
0.3062330484390259
0.22426821291446686
0.18930545449256897
0.17006148397922516
0.15682795643806458
0.14551545679569244
0.14130474627017975
0.13297517597675323
0.12919604778289795
