0.47978776693344116
0.3645339608192444
0.2867370843887329
0.2613922357559204
0.23162129521369934
0.21711620688438416
0.2174624353647232
0.20977701246738434
0.20360256731510162
0.20636305212974548
0.46344316005706787
0.29667404294013977
0.21633465588092804
0.1862964779138565
0.15722531080245972
0.14385870099067688
0.14543424546718597
0.13706856966018677
0.1285180300474167
0.13484424352645874
0.4288950264453888
0.32624351978302
0.25072354078292847
0.2035447359085083
0.1824963241815567
0.17185774445533752
0.16908393800258636
0.15843965113162994
0.15860185027122498
