0.76113361120224
0.8056679964065552
0.8663967847824097
0.8663967847824097
0.8785424828529358
0.8785424828529358
0.8927125334739685
0.8866396546363831
0.8886639475822449
0.8886639475822449
0.8380566835403442
0.9048582911491394
0.9008097052574158
0.8906882405281067
0.9190283417701721
0.9251012206077576
0.908906877040863
0.8097165822982788
0.8927125334739685
0.9129554629325867
0.9210526347160339
0.931174099445343
0.9291498064994812
0.9230769276618958
0.9453441500663757
0.9352226853370667
0.9473684430122375
0.8360323905944824
0.9170040488243103
0.9433198571205139
0.9372469782829285
0.9372469782829285
0.9331983923912048
0.9392712712287903
0.9392712712287903
0.9493927359580994
0.9392712712287903
