0.41270697116851807
0.2306375801563263
0.16417893767356873
0.1520988643169403
0.13554427027702332
0.1311424821615219
0.12383490800857544
0.11882195621728897
0.11889058351516724
0.1126408576965332
0.3929385244846344
0.19291239976882935
0.1525740921497345
0.14871102571487427
0.13323050737380981
0.12656469643115997
0.12297019362449646
0.4658506214618683
0.2834535241127014
0.22828535735607147
0.23411023616790771
0.2057666927576065
0.18513523042201996
0.20164690911769867
0.1729317605495453
0.16786955296993256
0.16065222024917603
0.4664887487888336
0.2552597224712372
0.2068718671798706
0.19716134667396545
0.20425279438495636
0.18265213072299957
0.1736181229352951
0.1723943054676056
0.1555904895067215
0.164756640791893
