0.4708612561225891
0.3410210907459259
0.25493741035461426
0.21524222195148468
0.1846819669008255
0.17070655524730682
0.16475097835063934
0.15933863818645477
0.15403415262699127
0.1547236293554306
0.4660056531429291
0.31978264451026917
0.24324284493923187
0.2131749838590622
0.1903962790966034
0.178279310464859
0.1776542365550995
0.17832663655281067
0.17738722264766693
0.17597757279872894
0.4443695843219757
0.3417550325393677
0.26933223009109497
0.23099106550216675
0.20743630826473236
0.201663076877594
0.20467278361320496
0.2041325718164444
0.21410615742206573
0.2273145169019699
