0.8866396546363831
0.9068825840950012
0.9230769276618958
0.9402834177017212
0.9362348318099976
0.953441321849823
0.942307710647583
0.9554656147956848
0.9585019946098328
0.9524291753768921
0.9170040488243103
0.9412955641746521
0.9453441500663757
0.9473684430122375
0.9574899077415466
0.9514170289039612
0.9493927359580994
0.9473684430122375
0.9676113128662109
0.953441321849823
0.9068825840950012
0.9281376600265503
0.8663967847824097
0.9159919023513794
0.9220647811889648
0.9504048824310303
0.9240890741348267
0.953441321849823
0.9493927359580994
0.9655870199203491
0.9149797558784485
0.9473684430122375
0.9058704376220703
0.9392712712287903
0.9453441500663757
0.9564777612686157
0.953441321849823
0.9574899077415466
0.9564777612686157
0.9706477522850037
0.8917003870010376
0.9261133670806885
0.9412955641746521
0.9412955641746521
0.9504048824310303
0.9504048824310303
0.9554656147956848
0.9595141410827637
0.9645748734474182
0.9676113128662109
