0.8319838047027588
0.8805667757987976
0.8947368264198303
0.8967611193656921
0.9028339982032776
0.9109311699867249
0.9129554629325867
0.9129554629325867
0.9190283417701721
0.9271255135536194
0.8117408752441406
0.876518189907074
0.8967611193656921
0.8967611193656921
0.9028339982032776
0.908906877040863
0.9068825840950012
0.9190283417701721
0.9190283417701721
0.9271255135536194
0.8279352188110352
0.8643724918365479
0.8866396546363831
0.8947368264198303
0.9048582911491394
0.9028339982032776
0.9028339982032776
0.9048582911491394
0.9028339982032776
0.9109311699867249
