0.4460122287273407
0.2857162356376648
0.2077457159757614
0.20445242524147034
0.1823636293411255
0.18266506493091583
0.16611525416374207
0.1724931299686432
0.16713190078735352
0.15624716877937317
0.40367498993873596
0.21284213662147522
0.1880350261926651
0.175105020403862
0.1574837565422058
0.15398117899894714
0.14575372636318207
0.4685583710670471
0.276559442281723
0.23626838624477386
0.2113993614912033
0.18526680767536163
0.17064397037029266
0.15736302733421326
0.13909322023391724
0.14675584435462952
0.15480120480060577
0.443059504032135
0.2376125454902649
0.18014079332351685
0.1637834906578064
0.16549670696258545
0.14625775814056396
0.13236679136753082
0.12960189580917358
0.11792132258415222
0.11532953381538391
