0.876518189907074
0.908906877040863
0.9271255135536194
0.9331983923912048
0.9372469782829285
0.9433198571205139
0.9473684430122375
0.9473684430122375
0.953441321849823
0.9554656147956848
0.8542510271072388
0.9028339982032776
0.9048582911491394
0.9149797558784485
0.9149797558784485
0.9230769276618958
0.9210526347160339
0.9251012206077576
0.9230769276618958
0.9352226853370667
0.8906882405281067
0.9129554629325867
0.9251012206077576
0.9251012206077576
0.9331983923912048
0.9352226853370667
0.9352226853370667
0.931174099445343
0.9331983923912048
0.9352226853370667
