0.40150225162506104
0.21031658351421356
0.16183370351791382
0.14816828072071075
0.14609180390834808
0.13471975922584534
0.13145318627357483
0.11968082189559937
0.1139073297381401
0.11152096092700958
0.40179726481437683
0.2174476832151413
0.163596510887146
0.1499987542629242
0.14512978494167328
0.1346106082201004
0.13390478491783142
0.4309319853782654
0.24767199158668518
0.20087678730487823
0.18269599974155426
0.17427797615528107
0.16860945522785187
0.1609106957912445
0.15963305532932281
0.1492297649383545
0.14079277217388153
0.43159276247024536
0.22614455223083496
0.1769081950187683
0.1601220965385437
0.1511560082435608
0.14057226479053497
0.13996991515159607
0.13351169228553772
0.1260712891817093
0.119620181620121
