0.9109311699867249
0.9251012206077576
0.9190283417701721
0.9291498064994812
0.9251012206077576
0.9271255135536194
0.9352226853370667
0.9352226853370667
0.9291498064994812
0.9412955641746521
0.9048582911491394
0.8967611193656921
0.9068825840950012
0.9129554629325867
0.9109311699867249
0.9109311699867249
0.9170040488243103
0.9190283417701721
0.9210526347160339
0.9352226853370667
0.8886639475822449
0.908906877040863
0.9210526347160339
0.9170040488243103
0.9271255135536194
0.9352226853370667
0.9352226853370667
0.9352226853370667
0.9352226853370667
0.9412955641746521
