0.908906877040863
0.9412955641746521
0.9392712712287903
0.9473684430122375
0.9412955641746521
0.953441321849823
0.9554656147956848
0.953441321849823
0.9554656147956848
0.953441321849823
0.8684210777282715
0.9008097052574158
0.9352226853370667
0.9453441500663757
0.9433198571205139
0.9473684430122375
0.9453441500663757
0.8886639475822449
0.9149797558784485
0.9170040488243103
0.9170040488243103
0.8906882405281067
0.8947368264198303
0.9170040488243103
0.8866396546363831
0.9129554629325867
0.9190283417701721
0.8866396546363831
0.9048582911491394
0.9109311699867249
0.9251012206077576
0.9352226853370667
0.9291498064994812
0.931174099445343
0.9352226853370667
0.931174099445343
0.9372469782829285
