0.7659137845039368
0.8254619836807251
0.8747433423995972
0.8747433423995972
0.8973305821418762
0.895277202129364
0.8993839621543884
0.895277202129364
0.8932238221168518
0.9014373421669006
0.8665297627449036
0.9055441617965698
0.895277202129364
0.8993839621543884
0.8973305821418762
0.9014373421669006
0.907597541809082
0.7638603448867798
0.8583162426948547
0.8809034824371338
0.8809034824371338
0.9219712615013123
0.9240246415138245
0.8767967224121094
0.9219712615013123
0.9137576818466187
0.9034907817840576
0.7926077842712402
0.8644763827323914
0.882956862449646
0.8747433423995972
0.8685831427574158
0.8788501024246216
0.9055441617965698
0.8850102424621582
0.9096509218215942
0.8932238221168518
