0.9149797558784485
0.9372469782829285
0.9170040488243103
0.9331983923912048
0.9271255135536194
0.931174099445343
0.9251012206077576
0.9392712712287903
0.9372469782829285
0.9372469782829285
0.8502024412155151
0.8663967847824097
0.9291498064994812
0.9271255135536194
0.908906877040863
0.9251012206077576
0.9271255135536194
0.8886639475822449
0.9028339982032776
0.8927125334739685
0.9048582911491394
0.8967611193656921
0.8825910687446594
0.9230769276618958
0.8846153616905212
0.8967611193656921
0.898785412311554
0.8866396546363831
0.9149797558784485
0.8927125334739685
0.9068825840950012
0.9230769276618958
0.9210526347160339
0.9190283417701721
0.9291498064994812
0.9109311699867249
0.9230769276618958
