0.887651801109314
0.8957489728927612
0.9018218517303467
0.9180161952972412
0.9210526347160339
0.9271255135536194
0.9301619529724121
0.9331983923912048
0.9342105388641357
0.9352226853370667
0.9433198571205139
0.9574899077415466
0.9595141410827637
0.9554656147956848
0.9574899077415466
0.9595141410827637
0.9574899077415466
0.9655870199203491
0.9635627269744873
0.9676113128662109
0.9412955641746521
0.9574899077415466
0.9635627269744873
0.9655870199203491
0.9676113128662109
0.9635627269744873
0.9655870199203491
0.9716598987579346
0.9716598987579346
0.9655870199203491
0.931174099445343
0.9493927359580994
0.953441321849823
0.9635627269744873
0.9574899077415466
0.9554656147956848
0.953441321849823
0.9554656147956848
0.9554656147956848
0.9554656147956848
0.8461538553237915
0.8724696636199951
0.841093122959137
0.8582996129989624
0.9008097052574158
0.9281376600265503
0.9342105388641357
0.9342105388641357
0.9321862459182739
0.9402834177017212
0.9129554629325867
0.9281376600265503
0.9321862459182739
0.9261133670806885
0.9281376600265503
0.9271255135536194
0.9321862459182739
0.9392712712287903
0.942307710647583
0.9443320035934448
