0.3335355520248413
0.15535588562488556
0.15574204921722412
0.1365692913532257
0.1622917801141739
0.12403129786252975
0.13541559875011444
0.12354205548763275
0.11902378499507904
0.12831757962703705
0.3308061361312866
0.13671104609966278
0.10400877147912979
0.10839775949716568
0.11203715950250626
0.12077643722295761
0.17218780517578125
0.12984083592891693
0.15859992802143097
0.15680958330631256
0.28107866644859314
0.14306586980819702
0.24259790778160095
0.14169639348983765
0.15986010432243347
0.11923573911190033
0.16076360642910004
0.11419748514890671
0.12115603685379028
0.10925132036209106
0.307707816362381
0.13862177729606628
0.22675791382789612
0.1668434888124466
0.14948980510234833
0.1306210309267044
0.14319847524166107
0.13519112765789032
0.14391134679317474
0.14159055054187775
0.39061474800109863
0.17458954453468323
0.13365218043327332
0.15020428597927094
0.1447603851556778
0.14737966656684875
0.13616825640201569
0.14621049165725708
0.1382526308298111
0.1533830612897873
