0.9210526347160339
0.9473684430122375
0.9453441500663757
0.9453441500663757
0.9473684430122375
0.9453441500663757
0.9412955641746521
0.9514170289039612
0.9554656147956848
0.9514170289039612
0.8319838047027588
0.876518189907074
0.9170040488243103
0.9251012206077576
0.9149797558784485
0.9251012206077576
0.9149797558784485
0.9170040488243103
0.9554656147956848
0.9453441500663757
0.9595141410827637
0.9352226853370667
0.9372469782829285
0.9676113128662109
0.9514170289039612
0.9554656147956848
0.9595141410827637
0.9170040488243103
0.9453441500663757
0.9392712712287903
0.9493927359580994
0.9615384340286255
0.9595141410827637
0.9595141410827637
0.9554656147956848
0.9574899077415466
0.9635627269744873
