0.44118306040763855
0.31935369968414307
0.24548734724521637
0.21536797285079956
0.19095104932785034
0.1773843765258789
0.1739780157804489
0.16845034062862396
0.16519129276275635
0.16475869715213776
0.45891374349594116
0.30493563413619995
0.22882676124572754
0.1871730238199234
0.16885508596897125
0.16019293665885925
0.1515899896621704
0.1575806438922882
0.1617680937051773
0.1537240892648697
0.4324221611022949
0.31514766812324524
0.2370821088552475
0.19266898930072784
0.1723489761352539
0.15996594727039337
0.1543150246143341
0.1478913426399231
0.14632505178451538
0.14405496418476105
