0.7692307829856873
0.8421052694320679
0.8825910687446594
0.8805667757987976
0.8967611193656921
0.908906877040863
0.9048582911491394
0.9068825840950012
0.9109311699867249
0.9048582911491394
0.7813765406608582
0.8927125334739685
0.9028339982032776
0.9068825840950012
0.9230769276618958
0.9230769276618958
0.9230769276618958
0.9210526347160339
0.9210526347160339
0.9149797558784485
0.8603239059448242
0.8684210777282715
0.8846153616905212
0.9068825840950012
0.908906877040863
0.9129554629325867
0.9129554629325867
0.9129554629325867
0.9149797558784485
0.9149797558784485
