0.8927125334739685
0.9230769276618958
0.9210526347160339
0.9251012206077576
0.9291498064994812
0.931174099445343
0.9352226853370667
0.9352226853370667
0.9392712712287903
0.9372469782829285
0.8663967847824097
0.8866396546363831
0.9190283417701721
0.9210526347160339
0.9210526347160339
0.9331983923912048
0.9291498064994812
0.9028339982032776
0.9433198571205139
0.9412955641746521
0.9433198571205139
0.9412955641746521
0.9372469782829285
0.9514170289039612
0.9433198571205139
0.9453441500663757
0.9433198571205139
0.8886639475822449
0.9251012206077576
0.9392712712287903
0.9473684430122375
0.9453441500663757
0.9473684430122375
0.9493927359580994
0.953441321849823
0.953441321849823
0.9574899077415466
