0.3831666111946106
0.1853991448879242
0.15168283879756927
0.12800374627113342
0.13244694471359253
0.12118799984455109
0.12258215248584747
0.11184892803430557
0.11234357208013535
0.11074312031269073
0.4272702932357788
0.22305522859096527
0.14846651256084442
0.13504886627197266
0.13591770827770233
0.1323058307170868
0.1253715604543686
0.3784085810184479
0.2119244784116745
0.17399299144744873
0.1425541490316391
0.16491222381591797
0.15361760556697845
0.12818235158920288
0.14302100241184235
0.13404636085033417
0.1393440216779709
0.40006953477859497
0.20963652431964874
0.16617941856384277
0.14073598384857178
0.12990114092826843
0.12971916794776917
0.12739889323711395
0.11942915618419647
0.12044329941272736
0.11314844340085983
