0.4262950122356415
0.24088969826698303
0.18034327030181885
0.1765008419752121
0.16708210110664368
0.16751468181610107
0.15829628705978394
0.15876677632331848
0.15558169782161713
0.15087595582008362
0.4095603823661804
0.22542767226696014
0.1846771538257599
0.17491716146469116
0.17057457566261292
0.16453517973423004
0.1572646051645279
0.4386977553367615
0.2468477487564087
0.2025803178548813
0.19133247435092926
0.18541467189788818
0.1784929633140564
0.17063654959201813
0.17619648575782776
0.1739988774061203
0.17797289788722992
0.42619478702545166
0.2319667935371399
0.18578742444515228
0.17885135114192963
0.1798926293849945
0.17105796933174133
0.1678716391324997
0.17027157545089722
0.160139799118042
0.16192996501922607
