0.840080976486206
0.8927125334739685
0.9068825840950012
0.9129554629325867
0.9170040488243103
0.9170040488243103
0.908906877040863
0.9048582911491394
0.9109311699867249
0.9210526347160339
0.8198380470275879
0.8927125334739685
0.8967611193656921
0.898785412311554
0.9008097052574158
0.9028339982032776
0.9008097052574158
0.9028339982032776
0.908906877040863
0.9068825840950012
0.8481781482696533
0.8785424828529358
0.8886639475822449
0.8886639475822449
0.8947368264198303
0.8967611193656921
0.9028339982032776
0.9129554629325867
0.9129554629325867
0.908906877040863
