0.35181841254234314
0.17167465388774872
0.15837524831295013
0.16407658159732819
0.14728686213493347
0.15760229527950287
0.1404249668121338
0.13655637204647064
0.13509073853492737
0.12792134284973145
0.37359315156936646
0.2191300094127655
0.1699340045452118
0.16896484792232513
0.16058851778507233
0.1557811051607132
0.15210075676441193
0.18006043136119843
0.14882013201713562
0.15315400063991547
0.3862265348434448
0.20952242612838745
0.17466120421886444
0.17446871101856232
0.15673847496509552
0.18125493824481964
0.13815423846244812
0.1715257465839386
0.14396584033966064
0.16894759237766266
0.34798139333724976
0.18954885005950928
0.27565768361091614
0.275931715965271
0.2527153789997101
0.2227635383605957
0.1383068561553955
0.18701907992362976
0.17166294157505035
0.13480882346630096
0.3964841365814209
0.21039508283138275
0.27805501222610474
0.24264343082904816
0.22013811767101288
0.1859644651412964
0.16216693818569183
0.14112894237041473
0.1408693939447403
0.13454893231391907
