0.3259183466434479
0.2111048847436905
0.18059471249580383
0.15790383517742157
0.1489044427871704
0.1405227929353714
0.13852040469646454
0.1365416944026947
0.13568080961704254
0.12816505134105682
0.3197917342185974
0.21769122779369354
0.1652802675962448
0.13520023226737976
0.11950208991765976
0.10774204879999161
0.10416930168867111
0.10054801404476166
0.09527100622653961
0.09062935411930084
0.33022239804267883
0.20861567556858063
0.14975200593471527
0.1202598586678505
0.11100808531045914
0.10497169941663742
0.1004192903637886
0.09974294900894165
0.09835121780633926
0.09610619395971298
0.33501023054122925
0.22230572998523712
0.16142509877681732
0.12916113436222076
0.11777345091104507
0.1026829406619072
0.09770888090133667
0.09982696920633316
0.09632931649684906
0.09272482246160507
0.399971067905426
0.25060686469078064
0.248582661151886
0.23402953147888184
0.18559780716896057
0.15946856141090393
0.15101070702075958
0.14950469136238098
0.15155448019504547
0.14450524747371674
0.3069103956222534
0.2166452705860138
0.1838962435722351
0.17314565181732178
0.17211073637008667
0.17338432371616364
0.16155485808849335
0.15719357132911682
0.1560564488172531
0.1575435847043991
