0.42177295684814453
0.2528347074985504
0.21818409860134125
0.2203885018825531
0.1962643712759018
0.19000567495822906
0.18953105807304382
0.17363788187503815
0.1805938333272934
0.18019267916679382
0.41195884346961975
0.25850120186805725
0.2702105641365051
0.3415524661540985
0.34299236536026
0.35346513986587524
0.2975204288959503
0.41315793991088867
0.23427794873714447
0.20123298466205597
0.19783318042755127
0.1869068592786789
0.17231424152851105
0.1732214242219925
0.17413516342639923
0.16527840495109558
0.16799183189868927
0.425326943397522
0.23665061593055725
0.20356106758117676
0.19075101613998413
0.19000829756259918
0.17914992570877075
0.17022791504859924
0.16638971865177155
0.1640327125787735
0.16383305191993713
