0.4148443043231964
0.29692474007606506
0.2282986342906952
0.19099847972393036
0.1714661568403244
0.16293416917324066
0.1529456526041031
0.1485399305820465
0.14162030816078186
0.13569343090057373
0.4112721085548401
0.29755815863609314
0.23597554862499237
0.19658830761909485
0.182231143116951
0.17393521964550018
0.163650244474411
0.15973477065563202
0.1546078622341156
0.1503673642873764
0.4565981328487396
0.3210712671279907
0.24528175592422485
0.2046336829662323
0.18353141844272614
0.17025575041770935
0.16313087940216064
0.15652716159820557
0.1515180468559265
0.14785146713256836
