0.33843231201171875
0.22255398333072662
0.18748821318149567
0.16708722710609436
0.1576995849609375
0.14894531667232513
0.14428317546844482
0.13816556334495544
0.13902893662452698
0.13064339756965637
0.33619940280914307
0.24181930720806122
0.1893908828496933
0.1594296097755432
0.1449175626039505
0.13194917142391205
0.12622125446796417
0.11829667538404465
0.10853943228721619
0.10302386432886124
0.3449738323688507
0.23506955802440643
0.18122920393943787
0.1527646780014038
0.13845624029636383
0.13190098106861115
0.12069476395845413
0.1185837909579277
0.10853200405836105
0.10999196022748947
0.3342934846878052
0.23616909980773926
0.175361767411232
0.14430643618106842
0.12976202368736267
0.12129825353622437
0.11229339987039566
0.10620655864477158
0.1016344279050827
0.09813711792230606
0.3843767046928406
0.23323781788349152
0.20433393120765686
0.19425921142101288
0.15947528183460236
0.14151161909103394
0.13970470428466797
0.13280832767486572
0.12637655436992645
0.1219109445810318
0.3069551885128021
0.20431329309940338
0.1662658005952835
0.14878013730049133
0.1417534202337265
0.14066831767559052
0.131876140832901
0.1281573325395584
0.12463279068470001
0.1254618614912033
