0.8997975587844849
0.9281376600265503
0.9261133670806885
0.9544534683227539
0.9271255135536194
0.9585019946098328
0.9504048824310303
0.9605262875556946
0.9615384340286255
0.9564777612686157
0.9291498064994812
0.9676113128662109
0.9595141410827637
0.9676113128662109
0.9655870199203491
0.9554656147956848
0.931174099445343
0.9676113128662109
0.9433198571205139
0.9554656147956848
0.9331983923912048
0.9453441500663757
0.8633603453636169
0.9382591247558594
0.9291498064994812
0.9574899077415466
0.931174099445343
0.9696356058120728
0.9605262875556946
0.9706477522850037
0.9382591247558594
0.9463562965393066
0.8846153616905212
0.9291498064994812
0.9433198571205139
0.9574899077415466
0.9443320035934448
0.9504048824310303
0.9493927359580994
0.9554656147956848
0.898785412311554
0.9261133670806885
0.9402834177017212
0.9372469782829285
0.9524291753768921
0.9493927359580994
0.9544534683227539
0.9493927359580994
0.9524291753768921
0.9504048824310303
