0.3427905738353729
0.22259260714054108
0.1899096965789795
0.17141573131084442
0.16207601130008698
0.1523514986038208
0.14617088437080383
0.14049066603183746
0.13717149198055267
0.13127000629901886
0.3435498774051666
0.2460344135761261
0.1910259872674942
0.15886273980140686
0.13740789890289307
0.12681424617767334
0.11904855072498322
0.11160830408334732
0.10726263374090195
0.10401225090026855
0.3663097620010376
0.2505837082862854
0.1996547281742096
0.1694016009569168
0.1526789665222168
0.1413326859474182
0.13348084688186646
0.12315250933170319
0.11541909724473953
0.10871569067239761
0.3574722111225128
0.2607850730419159
0.2053375095129013
0.16795754432678223
0.14910805225372314
0.13454283773899078
0.12917034327983856
0.11700243502855301
0.10845725238323212
0.1051504835486412
0.379768967628479
0.22659893333911896
0.18588826060295105
0.1714058220386505
0.1529807597398758
0.13842566311359406
0.12821877002716064
0.12232911586761475
0.11318386346101761
0.10954893380403519
0.31459692120552063
0.19830463826656342
0.1559232473373413
0.13777343928813934
0.1284763067960739
0.12506647408008575
0.11845096945762634
0.11305449157953262
0.10962827503681183
0.10776183009147644
