0.45381373167037964
0.2771771550178528
0.1963803619146347
0.18754954636096954
0.17166924476623535
0.17090842127799988
0.16135422885417938
0.1596841663122177
0.15996785461902618
0.15108461678028107
0.40254655480384827
0.20121440291404724
0.17164528369903564
0.1603354960680008
0.14709512889385223
0.1480451077222824
0.14924350380897522
0.45841023325920105
0.24151627719402313
0.18520833551883698
0.19973531365394592
0.14689746499061584
0.15486931800842285
0.18476858735084534
0.14882832765579224
0.15470503270626068
0.1484936773777008
0.4470939338207245
0.24008809030056
0.18615855276584625
0.18419446051120758
0.20811447501182556
0.18285693228244781
0.1731848269701004
0.17859642207622528
0.1573367565870285
0.18000447750091553
