0.8785424828529358
0.9230769276618958
0.9190283417701721
0.931174099445343
0.9271255135536194
0.9372469782829285
0.9352226853370667
0.9352226853370667
0.9392712712287903
0.9331983923912048
0.852226734161377
0.8906882405281067
0.9170040488243103
0.931174099445343
0.9210526347160339
0.9331983923912048
0.9514170289039612
0.8582996129989624
0.9149797558784485
0.9149797558784485
0.9230769276618958
0.908906877040863
0.908906877040863
0.9210526347160339
0.9129554629325867
0.9210526347160339
0.9291498064994812
0.876518189907074
0.9028339982032776
0.9068825840950012
0.9048582911491394
0.9129554629325867
0.9210526347160339
0.9170040488243103
0.9210526347160339
0.9190283417701721
0.9190283417701721
