0.373102605342865
0.20232254266738892
0.18832123279571533
0.19175176322460175
0.16359619796276093
0.19161729514598846
0.1704448014497757
0.18103563785552979
0.17979952692985535
0.16196811199188232
0.37131401896476746
0.28798532485961914
0.24676136672496796
0.24105606973171234
0.20801198482513428
0.1967262327671051
0.14446626603603363
0.26345276832580566
0.16097410023212433
0.17050690948963165
0.3834880292415619
0.19321754574775696
0.13066768646240234
0.15402263402938843
0.1331423819065094
0.18171599507331848
0.12124435603618622
0.17407745122909546
0.14278246462345123
0.1725231111049652
0.3578187823295593
0.20247995853424072
0.1580604463815689
0.15237559378147125
0.15889938175678253
0.18847639858722687
0.15169720351696014
0.17051146924495697
0.14832782745361328
0.16494378447532654
0.37879234552383423
0.17691907286643982
0.19416922330856323
0.16362649202346802
0.15901847183704376
0.1525793820619583
0.16303853690624237
0.14747227728366852
0.14652584493160248
0.13638357818126678
