0.4963739514350891
0.3518397808074951
0.2706952393054962
0.2705855071544647
0.23815426230430603
0.23509053885936737
0.21369798481464386
0.22180277109146118
0.21803568303585052
0.20438344776630402
0.4280049204826355
0.23414094746112823
0.22521741688251495
0.22074942290782928
0.1941366344690323
0.190946564078331
0.19052428007125854
0.4773249924182892
0.2524568736553192
0.20957301557064056
0.1774011105298996
0.14272338151931763
0.163419708609581
0.168503999710083
0.1402578204870224
0.15052182972431183
0.1475532352924347
0.4391210079193115
0.21340274810791016
0.1425733119249344
0.13605108857154846
0.14515529572963715
0.13398408889770508
0.12652726471424103
0.12760545313358307
0.11348990350961685
0.12433493137359619
