0.42536112666130066
0.3090827167034149
0.23880372941493988
0.2041381448507309
0.18538743257522583
0.17281655967235565
0.16360890865325928
0.16000211238861084
0.15712909400463104
0.15315590798854828
0.4375544786453247
0.3154315650463104
0.24923890829086304
0.21000215411186218
0.19398869574069977
0.18674993515014648
0.17566567659378052
0.1696518212556839
0.16681328415870667
0.1567385345697403
0.4787236750125885
0.3359370231628418
0.25418275594711304
0.2120659053325653
0.188815638422966
0.17299069464206696
0.16359655559062958
0.15759190917015076
0.15194281935691833
0.1479474902153015
