0.8937246799468994
0.9048582911491394
0.9119433164596558
0.9291498064994812
0.9342105388641357
0.9382591247558594
0.9453441500663757
0.9453441500663757
0.9463562965393066
0.9524291753768921
0.9008097052574158
0.9210526347160339
0.9271255135536194
0.9433198571205139
0.9453441500663757
0.9473684430122375
0.9473684430122375
0.953441321849823
0.9595141410827637
0.9554656147956848
0.9068825840950012
0.9190283417701721
0.9271255135536194
0.931174099445343
0.9453441500663757
0.9453441500663757
0.9493927359580994
0.9574899077415466
0.9574899077415466
0.9615384340286255
0.8866396546363831
0.9068825840950012
0.9170040488243103
0.9271255135536194
0.9331983923912048
0.9433198571205139
0.9433198571205139
0.9493927359580994
0.9473684430122375
0.9514170289039612
0.8836032152175903
0.9129554629325867
0.8947368264198303
0.9149797558784485
0.9362348318099976
0.9483805894851685
0.9564777612686157
0.9595141410827637
0.9645748734474182
0.9676113128662109
0.9068825840950012
0.9372469782829285
0.9453441500663757
0.9493927359580994
0.9483805894851685
0.9483805894851685
0.9564777612686157
0.9625505805015564
0.9645748734474182
0.9645748734474182
