0.8157894611358643
0.8846153616905212
0.9170040488243103
0.9109311699867249
0.9170040488243103
0.9170040488243103
0.9149797558784485
0.9251012206077576
0.9230769276618958
0.9210526347160339
0.8279352188110352
0.9129554629325867
0.9372469782829285
0.9412955641746521
0.9453441500663757
0.9433198571205139
0.9473684430122375
0.9493927359580994
0.9473684430122375
0.9453441500663757
0.8947368264198303
0.9210526347160339
0.9271255135536194
0.9352226853370667
0.9331983923912048
0.9352226853370667
0.9372469782829285
0.9433198571205139
0.9392712712287903
0.9352226853370667
