0.3481725752353668
0.21866294741630554
0.18948370218276978
0.1884273737668991
0.18359284102916718
0.1806601732969284
0.17367129027843475
0.17163051664829254
0.16276192665100098
0.1648334562778473
0.4183010160923004
0.31070616841316223
0.24317878484725952
0.20512112975120544
0.17825542390346527
0.16385161876678467
0.14925698935985565
0.14209212362766266
0.14074262976646423
0.13667887449264526
0.4572703242301941
0.34116142988204956
0.2831520140171051
0.253824383020401
0.22573700547218323
0.1887236386537552
0.18035495281219482
0.16810239851474762
0.15992575883865356
0.1582883894443512
0.4446204602718353
0.3416776955127716
0.27246856689453125
0.21818342804908752
0.18752829730510712
0.1693420559167862
0.15811343491077423
0.1448720544576645
0.1374126821756363
0.13808727264404297
0.35949185490608215
0.22360487282276154
0.15264780819416046
0.1375768780708313
0.13986879587173462
0.15541724860668182
0.15087087452411652
0.1456618309020996
0.14646665751934052
0.1453026682138443
0.40645331144332886
0.2502957284450531
0.1985400766134262
0.18165427446365356
0.1691281497478485
0.15530715882778168
0.16066500544548035
0.1574736386537552
0.15973499417304993
0.15404969453811646
