0.4068375527858734
0.28901126980781555
0.22525835037231445
0.18816886842250824
0.177716925740242
0.16712182760238647
0.15629738569259644
0.14940916001796722
0.1449301391839981
0.1367892175912857
0.37501031160354614
0.2733500897884369
0.2138979583978653
0.16858148574829102
0.1579228639602661
0.15447145700454712
0.13982167840003967
0.13948264718055725
0.13632534444332123
0.12343476712703705
0.4575117528438568
0.2949402928352356
0.21431966125965118
0.17592236399650574
0.15571971237659454
0.14261578023433685
0.13173094391822815
0.1276499181985855
0.11876726895570755
0.11440446972846985
