0.8562753200531006
0.9068825840950012
0.9271255135536194
0.9251012206077576
0.9392712712287903
0.9412955641746521
0.9493927359580994
0.9493927359580994
0.9473684430122375
0.9493927359580994
0.8846153616905212
0.9210526347160339
0.9412955641746521
0.9392712712287903
0.9473684430122375
0.9554656147956848
0.9615384340286255
0.8157894611358643
0.8724696636199951
0.8906882405281067
0.8927125334739685
0.9008097052574158
0.9129554629325867
0.8967611193656921
0.9190283417701721
0.9129554629325867
0.9210526347160339
0.8137651681900024
0.8704453706741333
0.9008097052574158
0.898785412311554
0.8906882405281067
0.9048582911491394
0.9230769276618958
0.9149797558784485
0.9271255135536194
0.9190283417701721
