0.3513578772544861
0.17007137835025787
0.15781323611736298
0.1393507719039917
0.14773309230804443
0.12397470325231552
0.12018412351608276
0.10965997725725174
0.10694827884435654
0.10348737984895706
0.3380659818649292
0.18715018033981323
0.15157099068164825
0.1441849023103714
0.1228986606001854
0.12491612881422043
0.10969244688749313
0.1490040421485901
0.11062777787446976
0.12378004938364029
0.3400118350982666
0.17084789276123047
0.20449398458003998
0.15118055045604706
0.1530073583126068
0.12828972935676575
0.12556177377700806
0.11585566401481628
0.10813290625810623
0.10365702956914902
0.33182263374328613
0.1473788022994995
0.17006701231002808
0.1296476274728775
0.13657914102077484
0.12128802388906479
0.1088290810585022
0.10172007977962494
0.1025356724858284
0.09964511543512344
0.39388614892959595
0.17647551000118256
0.1519533097743988
0.14264720678329468
0.12988391518592834
0.12672284245491028
0.11789777129888535
0.11213964968919754
0.10168448835611343
0.10709334909915924
