0.4498870372772217
0.32859236001968384
0.2597925364971161
0.22659020125865936
0.20386099815368652
0.19129669666290283
0.1822415143251419
0.1757599264383316
0.16888903081417084
0.16858206689357758
0.42493563890457153
0.2994673550128937
0.2325935810804367
0.19516199827194214
0.17708319425582886
0.16834688186645508
0.15640920400619507
0.15442681312561035
0.14773842692375183
0.1421327292919159
0.4583700895309448
0.3320462703704834
0.2564117908477783
0.2136070877313614
0.19260218739509583
0.1810336858034134
0.17554040253162384
0.1676539182662964
0.1647876799106598
0.162557452917099
