0.8866396546363831
0.9251012206077576
0.9261133670806885
0.9433198571205139
0.9473684430122375
0.9564777612686157
0.9605262875556946
0.9595141410827637
0.9676113128662109
0.9645748734474182
0.8886639475822449
0.9372469782829285
0.9392712712287903
0.9514170289039612
0.9574899077415466
0.9615384340286255
0.9635627269744873
0.953441321849823
0.9595141410827637
0.9615384340286255
0.8846153616905212
0.9291498064994812
0.8886639475822449
0.9412955641746521
0.9301619529724121
0.9564777612686157
0.9443320035934448
0.9645748734474182
0.9544534683227539
0.96659916639328
0.9129554629325867
0.9453441500663757
0.9230769276618958
0.9514170289039612
0.9493927359580994
0.9585019946098328
0.9645748734474182
0.9706477522850037
0.9605262875556946
0.9696356058120728
0.9018218517303467
0.9220647811889648
0.942307710647583
0.9453441500663757
0.9564777612686157
0.9524291753768921
0.9605262875556946
0.96659916639328
0.9726720452308655
0.9706477522850037
