0.790554404258728
0.8562628626823425
0.8870636820793152
0.8788501024246216
0.8911704421043396
0.9034907817840576
0.8993839621543884
0.9034907817840576
0.907597541809082
0.907597541809082
0.7864476442337036
0.9178645014762878
0.9363449811935425
0.9383983612060547
0.9507187008857727
0.9548254609107971
0.9445585012435913
0.9466118812561035
0.9548254609107971
0.9466118812561035
0.8644763827323914
0.8911704421043396
0.907597541809082
0.9199178814888
0.9178645014762878
0.9219712615013123
0.9158110618591309
0.9219712615013123
0.9219712615013123
