0.3668462336063385
0.1686307191848755
0.16785672307014465
0.14575906097888947
0.15912525355815887
0.14971472322940826
0.15386302769184113
0.14543136954307556
0.14443789422512054
0.15217234194278717
0.43968698382377625
0.26952022314071655
0.18623927235603333
0.17602349817752838
0.1958421766757965
0.18544171750545502
0.17509320378303528
0.3731875717639923
0.22803190350532532
0.20042988657951355
0.2002415806055069
0.22322715818881989
0.21310614049434662
0.17757919430732727
0.20524145662784576
0.1973572075366974
0.19537748396396637
0.4021609127521515
0.21695676445960999
0.19753894209861755
0.1800454705953598
0.16147978603839874
0.17030933499336243
0.17612908780574799
0.17057563364505768
0.1854560524225235
0.17070800065994263
