0.4561770260334015
0.29510053992271423
0.20645582675933838
0.20602929592132568
0.17226764559745789
0.17781580984592438
0.16606448590755463
0.16938285529613495
0.17200839519500732
0.15659669041633606
0.39852967858314514
0.19526508450508118
0.18052707612514496
0.17147599160671234
0.14860235154628754
0.1456473171710968
0.14829634130001068
0.4859803020954132
0.2503659427165985
0.20999136567115784
0.18643702566623688
0.14317475259304047
0.15826046466827393
0.17618036270141602
0.14784778654575348
0.15814460813999176
0.1610400527715683
0.4621361792087555
0.23602542281150818
0.16959655284881592
0.16325227916240692
0.17830704152584076
0.15740233659744263
0.14740882813930511
0.14975321292877197
0.13034769892692566
0.13740505278110504
