0.9028339982032776
0.9251012206077576
0.931174099445343
0.9372469782829285
0.9331983923912048
0.931174099445343
0.9392712712287903
0.9372469782829285
0.9433198571205139
0.9412955641746521
0.9048582911491394
0.9230769276618958
0.9271255135536194
0.9433198571205139
0.9392712712287903
0.9412955641746521
0.9473684430122375
0.953441321849823
0.9433198571205139
0.9574899077415466
0.9028339982032776
0.9210526347160339
0.9372469782829285
0.9433198571205139
0.9514170289039612
0.953441321849823
0.9615384340286255
0.9595141410827637
0.9676113128662109
0.9716598987579346
