0.45327261090278625
0.33081287145614624
0.25260689854621887
0.2203458994626999
0.19499041140079498
0.18187165260314941
0.17819157242774963
0.17099733650684357
0.16497191786766052
0.16781248152256012
0.4493340253829956
0.30399683117866516
0.23049037158489227
0.1902652531862259
0.16456548869609833
0.15261274576187134
0.1485268473625183
0.14211851358413696
0.13195307552814484
0.1308673769235611
0.43919429183006287
0.32155171036720276
0.24418702721595764
0.20133668184280396
0.17735819518566132
0.16407479345798492
0.15925584733486176
0.15023162961006165
0.14640316367149353
