0.8744939565658569
0.9129554629325867
0.9372469782829285
0.9453441500663757
0.9473684430122375
0.9473684430122375
0.9473684430122375
0.9574899077415466
0.9574899077415466
0.9676113128662109
0.8825910687446594
0.9210526347160339
0.931174099445343
0.9473684430122375
0.9412955641746521
0.9514170289039612
0.9473684430122375
0.8441295623779297
0.898785412311554
0.9129554629325867
0.9271255135536194
0.9251012206077576
0.9230769276618958
0.9331983923912048
0.9331983923912048
0.9372469782829285
0.9433198571205139
0.8582996129989624
0.9170040488243103
0.9251012206077576
0.9392712712287903
0.9433198571205139
0.9554656147956848
0.9473684430122375
0.9453441500663757
0.9433198571205139
0.9473684430122375
