0.8943089246749878
0.9237805008888245
0.9288617968559265
0.9166666865348816
0.9136179089546204
0.9044715166091919
0.9115853905677795
0.9004064798355103
0.9126016497612
0.9044715166091919
0.8218623399734497
0.8785424828529358
0.908906877040863
0.9190283417701721
0.9331983923912048
0.9372469782829285
0.9453441500663757
0.9392712712287903
0.9412955641746521
0.9493927359580994
0.7894737124443054
0.862348198890686
0.8825910687446594
0.9068825840950012
0.908906877040863
0.9230769276618958
0.9271255135536194
0.931174099445343
0.9392712712287903
0.9412955641746521
0.8198380470275879
0.8643724918365479
0.898785412311554
0.9129554629325867
0.9291498064994812
0.9392712712287903
0.9392712712287903
0.9493927359580994
0.9514170289039612
0.9473684430122375
0.9065040946006775
0.917682945728302
0.9430894255638123
0.940040647983551
0.9319105744361877
0.9126016497612
0.9065040946006775
0.9095528721809387
0.9146341681480408
0.9095528721809387
0.8058943152427673
0.8790650367736816
0.8983739614486694
0.9044715166091919
0.9095528721809387
0.917682945728302
0.9085366129875183
0.9105691313743591
0.9024389982223511
0.9065040946006775
