0.48077383637428284
0.337793231010437
0.26085954904556274
0.2627183198928833
0.22990041971206665
0.2301398664712906
0.21304988861083984
0.21926629543304443
0.21992123126983643
0.2019522786140442
0.3942938446998596
0.22835266590118408
0.24716338515281677
0.24587886035442352
0.21765892207622528
0.23674996197223663
0.18861985206604004
0.5034310817718506
0.2964715361595154
0.22752295434474945
0.24896012246608734
0.17728453874588013
0.1723499894142151
0.2193455845117569
0.16455678641796112
0.17271991074085236
0.17360363900661469
0.47500014305114746
0.2640303373336792
0.21026022732257843
0.21463997662067413
0.23296533524990082
0.20195730030536652
0.18635877966880798
0.19218212366104126
0.17415212094783783
0.1890556961297989
