0.3775274157524109
0.18319189548492432
0.16109952330589294
0.14591670036315918
0.15601414442062378
0.14364033937454224
0.14793863892555237
0.13732293248176575
0.1315954327583313
0.1392875760793686
0.44759687781333923
0.2788148820400238
0.1946430653333664
0.17741313576698303
0.18660491704940796
0.18121354281902313
0.18062491714954376
0.35330119729042053
0.1812618225812912
0.14473852515220642
0.11776372790336609
0.15407158434391022
0.14832885563373566
0.11739970743656158
0.14368849992752075
0.12622657418251038
0.12351396679878235
0.3920617401599884
0.1838923841714859
0.14367778599262238
0.123948834836483
0.10443446785211563
0.11218199878931046
0.11503639817237854
0.10643767565488815
0.10987664759159088
0.09853936731815338
