0.3733038306236267
0.17730127274990082
0.15209996700286865
0.13922758400440216
0.13637492060661316
0.13024048507213593
0.12312978506088257
0.115977942943573
0.1134863942861557
0.11071106046438217
0.41180992126464844
0.21697983145713806
0.15889409184455872
0.14083026349544525
0.14170052111148834
0.13926181197166443
0.13926205039024353
0.3882829546928406
0.2309056967496872
0.19946905970573425
0.18924202024936676
0.21568281948566437
0.19393505156040192
0.17756159603595734
0.19939620792865753
0.17996959388256073
0.1783478707075119
0.4047987759113312
0.21767409145832062
0.18631689250469208
0.16978086531162262
0.15048810839653015
0.15603986382484436
0.1531098484992981
0.1469036191701889
0.15130263566970825
0.13679969310760498
