0.4240635335445404
0.3064427375793457
0.23996601998806
0.2050705999135971
0.1865869164466858
0.17525361478328705
0.1661776751279831
0.1616041362285614
0.1566825807094574
0.15223856270313263
0.40425631403923035
0.3046247661113739
0.24865104258060455
0.2087026834487915
0.19435571134090424
0.18733955919742584
0.17783662676811218
0.17144449055194855
0.1674453765153885
0.158124640583992
0.45201897621154785
0.30678805708885193
0.23132821917533875
0.19252826273441315
0.1744939237833023
0.16252794861793518
0.15566322207450867
0.1518678218126297
0.14619898796081543
0.14390167593955994
