0.8785424828529358
0.908906877040863
0.9139676094055176
0.9119433164596558
0.9129554629325867
0.9159919023513794
0.9210526347160339
0.9180161952972412
0.9220647811889648
0.9210526347160339
0.8805667757987976
0.9149797558784485
0.9251012206077576
0.9331983923912048
0.9291498064994812
0.931174099445343
0.9291498064994812
0.9291498064994812
0.9372469782829285
0.9412955641746521
0.8603239059448242
0.9048582911491394
0.9190283417701721
0.9210526347160339
0.9271255135536194
0.931174099445343
0.9331983923912048
0.9392712712287903
0.9372469782829285
0.9352226853370667
0.8582996129989624
0.8906882405281067
0.9190283417701721
0.9251012206077576
0.9190283417701721
0.9251012206077576
0.9251012206077576
0.9210526347160339
0.9271255135536194
0.9331983923912048
0.8866396546363831
0.8967611193656921
0.9119433164596558
0.9210526347160339
0.9271255135536194
0.920040488243103
0.9190283417701721
0.9240890741348267
0.9301619529724121
0.9342105388641357
0.8613360524177551
0.8947368264198303
0.9068825840950012
0.9139676094055176
0.9210526347160339
0.9220647811889648
0.9240890741348267
0.9271255135536194
0.9180161952972412
0.9230769276618958
