0.35006365180015564
0.24452757835388184
0.2136412113904953
0.18702901899814606
0.1789567917585373
0.16674809157848358
0.16725720465183258
0.1606227159500122
0.16307416558265686
0.15545417368412018
0.30307891964912415
0.2060512900352478
0.16208836436271667
0.14136090874671936
0.13076916337013245
0.11883337795734406
0.11860834062099457
0.10913243144750595
0.10408361256122589
0.10349707305431366
0.3118417263031006
0.19953088462352753
0.14553456008434296
0.11828538030385971
0.10942961275577545
0.11266512423753738
0.1042323037981987
0.10142281651496887
0.10017742216587067
0.1024981439113617
0.3095816969871521
0.21094903349876404
0.15708588063716888
0.13655295968055725
0.12788081169128418
0.1251361072063446
0.12004362046718597
0.11467599123716354
0.10559005290269852
0.1097111850976944
0.4102901816368103
0.2561405897140503
0.26100003719329834
0.2500714659690857
0.19426709413528442
0.16085566580295563
0.15413208305835724
0.1521618664264679
0.15013574063777924
0.14375190436840057
0.289645791053772
0.20084570348262787
0.16970504820346832
0.15885046124458313
0.15691691637039185
0.16372250020503998
0.15231956541538239
0.14741447567939758
0.14242465794086456
0.14591728150844574
