0.3421633839607239
0.2116113007068634
0.17857743799686432
0.17177556455135345
0.16382592916488647
0.1614057868719101
0.15948490798473358
0.15914784371852875
0.1542498916387558
0.15451864898204803
0.3944956064224243
0.2753536105155945
0.21020933985710144
0.17352530360221863
0.15256236493587494
0.14112171530723572
0.13109569251537323
0.12323308736085892
0.11882754415273666
0.11782799661159515
0.40310022234916687
0.2774452269077301
0.21393735706806183
0.18244172632694244
0.16784504055976868
0.1473677009344101
0.14482024312019348
0.13488325476646423
0.12732531130313873
0.12703466415405273
0.42721396684646606
0.31187891960144043
0.23898056149482727
0.1925910860300064
0.17167463898658752
0.160223126411438
0.15515168011188507
0.15043003857135773
0.1481333076953888
0.14266198873519897
0.36963915824890137
0.2333049476146698
0.1833292841911316
0.16326653957366943
0.16159091889858246
0.16441714763641357
0.15723472833633423
0.15194907784461975
0.14713336527347565
0.14666086435317993
0.37568119168281555
0.2411261796951294
0.19988107681274414
0.18856337666511536
0.17981663346290588
0.16864372789859772
0.17065687477588654
0.16651444137096405
0.16506533324718475
0.1608484536409378
