0.3494741916656494
0.17297466099262238
0.16366466879844666
0.14816458523273468
0.15292736887931824
0.12864796817302704
0.1353510618209839
0.126702219247818
0.12294955551624298
0.1247970461845398
0.3463009297847748
0.17656750977039337
0.13903982937335968
0.12254258245229721
0.10530255734920502
0.12445923686027527
0.14550098776817322
0.1363448053598404
0.1079055666923523
0.11271598935127258
0.31694215536117554
0.15955384075641632
0.2351851463317871
0.1743665337562561
0.1664568930864334
0.13233065605163574
0.16859665513038635
0.1278199553489685
0.12635648250579834
0.11846783757209778
0.3260030150413513
0.14031988382339478
0.1784994751214981
0.1442580372095108
0.13574858009815216
0.11776573956012726
0.1297236979007721
0.11690466105937958
0.11362448334693909
0.11017481982707977
0.3931754231452942
0.16948151588439941
0.14657709002494812
0.14233684539794922
0.133726105093956
0.12935571372509003
0.12141698598861694
0.11832201480865479
0.11093256622552872
0.11680850386619568
