0.7894737124443054
0.8684210777282715
0.9048582911491394
0.908906877040863
0.9251012206077576
0.9251012206077576
0.931174099445343
0.9331983923912048
0.9331983923912048
0.9352226853370667
0.7854251265525818
0.9129554629325867
0.9412955641746521
0.931174099445343
0.9412955641746521
0.9453441500663757
0.9392712712287903
0.9392712712287903
0.9392712712287903
0.9433198571205139
0.8603239059448242
0.8805667757987976
0.9129554629325867
0.9210526347160339
0.9251012206077576
0.9251012206077576
0.931174099445343
0.9372469782829285
0.931174099445343
0.931174099445343
