0.4366178810596466
0.27262723445892334
0.19122262299060822
0.19614475965499878
0.17539119720458984
0.17997455596923828
0.16949640214443207
0.1715601086616516
0.1742672175168991
0.15975548326969147
0.38765761256217957
0.2041103094816208
0.18689359724521637
0.18696635961532593
0.17124615609645844
0.16883644461631775
0.16954219341278076
0.4557335674762726
0.2884165644645691
0.34778743982315063
0.30683431029319763
0.3244079649448395
0.32100653648376465
0.27082809805870056
0.2541007399559021
0.3245462477207184
0.3326965272426605
0.4438205361366272
0.24137993156909943
0.22772416472434998
0.2405969202518463
0.26374658942222595
0.2377454787492752
0.2340315878391266
0.24027055501937866
0.2550138235092163
0.2634136378765106
