0.43352967500686646
0.26247933506965637
0.20084260404109955
0.19481216371059418
0.1792277991771698
0.17932595312595367
0.16182655096054077
0.16553910076618195
0.16349464654922485
0.15034934878349304
0.4154137372970581
0.22712044417858124
0.18449120223522186
0.17308908700942993
0.16437113285064697
0.1622505486011505
0.15762192010879517
0.4375011920928955
0.23991337418556213
0.18107078969478607
0.1727035939693451
0.15102893114089966
0.1499813199043274
0.14980989694595337
0.1383744478225708
0.1303800642490387
0.1326165497303009
0.43271681666374207
0.22991958260536194
0.1759124994277954
0.16348814964294434
0.1678866297006607
0.15217207372188568
0.14509378373622894
0.13819639384746552
0.12590406835079193
0.12587608397006989
