0.8886639475822449
0.8967611193656921
0.9028339982032776
0.9210526347160339
0.9109311699867249
0.9170040488243103
0.9190283417701721
0.9210526347160339
0.9170040488243103
0.9291498064994812
0.908906877040863
0.9109311699867249
0.9170040488243103
0.9291498064994812
0.9352226853370667
0.9372469782829285
0.9372469782829285
0.9392712712287903
0.9392712712287903
0.9453441500663757
0.8825910687446594
0.9129554629325867
0.9251012206077576
0.931174099445343
0.9331983923912048
0.9392712712287903
0.9412955641746521
0.9453441500663757
0.9514170289039612
0.9615384340286255
