0.4318363666534424
0.3086286783218384
0.23612360656261444
0.2017364501953125
0.1816428303718567
0.17061565816402435
0.1669180542230606
0.1634836345911026
0.1595929116010666
0.1577628254890442
0.4474051296710968
0.31421512365341187
0.2458837628364563
0.21590766310691833
0.19520145654678345
0.18442003428936005
0.18213702738285065
0.17456366121768951
0.17092590034008026
0.17594383656978607
0.46868348121643066
0.33802273869514465
0.2586591839790344
0.22152970731258392
0.2015378475189209
0.19486819207668304
0.19232825934886932
0.18400628864765167
0.18607158958911896
0.18476983904838562
