0.4655170142650604
0.3335513174533844
0.2492099106311798
0.21217624843120575
0.17949962615966797
0.1652994155883789
0.16007447242736816
0.15406380593776703
0.14997555315494537
0.15305130183696747
0.4759645164012909
0.30391308665275574
0.21566759049892426
0.18290013074874878
0.15588293969631195
0.14174635708332062
0.13904377818107605
0.13449761271476746
0.12963412702083588
0.13522247970104218
0.44075918197631836
0.33064404129981995
0.24969351291656494
0.2048332393169403
0.18190546333789825
0.17089036107063293
0.1662074774503708
0.15793068706989288
0.16011862456798553
0.1594994068145752
