0.8036437034606934
0.8825910687446594
0.9129554629325867
0.9210526347160339
0.9291498064994812
0.931174099445343
0.9291498064994812
0.9331983923912048
0.9331983923912048
0.9331983923912048
0.7914980053901672
0.8846153616905212
0.9008097052574158
0.9048582911491394
0.9129554629325867
0.9251012206077576
0.9149797558784485
0.9190283417701721
0.9190283417701721
0.9271255135536194
0.8562753200531006
0.8684210777282715
0.8947368264198303
0.9048582911491394
0.9048582911491394
0.9149797558784485
0.9109311699867249
0.9109311699867249
0.9170040488243103
0.908906877040863
