0.38360098004341125
0.18954478204250336
0.15795764327049255
0.14762477576732635
0.14125870168209076
0.1374816596508026
0.13670477271080017
0.1334371715784073
0.13393236696720123
0.13589321076869965
0.4228736162185669
0.2368878573179245
0.16331453621387482
0.15523436665534973
0.1605905145406723
0.16058337688446045
0.1599576324224472
0.36347371339797974
0.19109444320201874
0.15325766801834106
0.15473714470863342
0.16538065671920776
0.1545909345149994
0.14566710591316223
0.14901705086231232
0.13844287395477295
0.14459754526615143
0.39465412497520447
0.19016677141189575
0.14154930412769318
0.13037236034870148
0.12393216788768768
0.1257207989692688
0.12537047266960144
0.12384649366140366
0.12283392250537872
0.11601069569587708
