0.8036437034606934
0.8643724918365479
0.898785412311554
0.9028339982032776
0.9149797558784485
0.9170040488243103
0.9251012206077576
0.9230769276618958
0.9190283417701721
0.9291498064994812
0.876518189907074
0.9230769276618958
0.9210526347160339
0.9230769276618958
0.9291498064994812
0.9352226853370667
0.9433198571205139
0.8137651681900024
0.9048582911491394
0.9230769276618958
0.898785412311554
0.9392712712287903
0.9251012206077576
0.9028339982032776
0.9291498064994812
0.9230769276618958
0.9230769276618958
0.8319838047027588
0.8906882405281067
0.9190283417701721
0.9170040488243103
0.898785412311554
0.908906877040863
0.908906877040863
0.9109311699867249
0.9230769276618958
0.9028339982032776
