0.4151487946510315
0.23449844121932983
0.17701846361160278
0.16292105615139008
0.1519315391778946
0.14811667799949646
0.14371998608112335
0.13851036131381989
0.13404075801372528
0.12636390328407288
0.4333954453468323
0.2517428398132324
0.19661153852939606
0.18532533943653107
0.17846162617206573
0.1736714243888855
0.16793900728225708
0.3973931670188904
0.20631012320518494
0.16418401896953583
0.14134398102760315
0.14138630032539368
0.13779105246067047
0.12545107305049896
0.13342756032943726
0.1259458214044571
0.12231496721506119
0.40806493163108826
0.20084647834300995
0.1480485051870346
0.13449090719223022
0.1323869824409485
0.12467975169420242
0.12307456135749817
0.1173672005534172
0.11185913532972336
0.10745221376419067
