0.44031065702438354
0.32619592547416687
0.25883251428604126
0.22382770478725433
0.20712430775165558
0.19549310207366943
0.18815478682518005
0.18104417622089386
0.1773596554994583
0.17384259402751923
0.44007444381713867
0.3198038339614868
0.25028932094573975
0.21450641751289368
0.20000189542770386
0.19141919910907745
0.18375441431999207
0.1777154505252838
0.17588305473327637
0.17067119479179382
0.47763580083847046
0.3528411090373993
0.28124359250068665
0.24377669394016266
0.22103936970233917
0.21357934176921844
0.20682242512702942
0.20256944000720978
0.1959846168756485
0.19184191524982452
