0.8927125334739685
0.9291498064994812
0.9331983923912048
0.9493927359580994
0.9352226853370667
0.9514170289039612
0.9554656147956848
0.9635627269744873
0.9615384340286255
0.9615384340286255
0.8502024412155151
0.9028339982032776
0.9331983923912048
0.9473684430122375
0.9352226853370667
0.9514170289039612
0.9615384340286255
0.876518189907074
0.9190283417701721
0.9170040488243103
0.9271255135536194
0.9230769276618958
0.9291498064994812
0.9352226853370667
0.9433198571205139
0.9352226853370667
0.9453441500663757
0.8947368264198303
0.9251012206077576
0.9271255135536194
0.9352226853370667
0.9453441500663757
0.9453441500663757
0.9554656147956848
0.953441321849823
0.9554656147956848
0.9615384340286255
