0.8542510271072388
0.898785412311554
0.9271255135536194
0.9291498064994812
0.931174099445343
0.931174099445343
0.9331983923912048
0.9392712712287903
0.9473684430122375
0.9453441500663757
0.8097165822982788
0.8825910687446594
0.9068825840950012
0.9109311699867249
0.9170040488243103
0.9210526347160339
0.9210526347160339
0.9190283417701721
0.9149797558784485
0.9230769276618958
0.8360323905944824
0.8684210777282715
0.8886639475822449
0.8967611193656921
0.9068825840950012
0.908906877040863
0.9129554629325867
0.9190283417701721
0.9129554629325867
0.9170040488243103
