0.8319838047027588
0.8825910687446594
0.8967611193656921
0.908906877040863
0.9170040488243103
0.9170040488243103
0.9190283417701721
0.9230769276618958
0.9251012206077576
0.9251012206077576
0.8461538553237915
0.9008097052574158
0.9068825840950012
0.9008097052574158
0.908906877040863
0.9190283417701721
0.9291498064994812
0.8319838047027588
0.8947368264198303
0.9068825840950012
0.908906877040863
0.908906877040863
0.9129554629325867
0.9190283417701721
0.9129554629325867
0.9109311699867249
0.9149797558784485
0.8663967847824097
0.9008097052574158
0.9028339982032776
0.9068825840950012
0.908906877040863
0.9210526347160339
0.9271255135536194
0.9170040488243103
0.9271255135536194
0.9230769276618958
