0.39964205026626587
0.21911819279193878
0.1743868589401245
0.15987935662269592
0.15736687183380127
0.14723879098892212
0.14291511476039886
0.14410819113254547
0.1398693025112152
0.13444475829601288
0.42319920659065247
0.2326546609401703
0.17510294914245605
0.16932262480258942
0.17120304703712463
0.16078360378742218
0.15983366966247559
0.3968086838722229
0.22109057009220123
0.19025370478630066
0.17244328558444977
0.1748984307050705
0.16710172593593597
0.15465237200260162
0.17055104672908783
0.15271350741386414
0.1454760879278183
0.41145074367523193
0.21692873537540436
0.16375190019607544
0.14864034950733185
0.14220388233661652
0.13734076917171478
0.1371627151966095
0.13069377839565277
0.13103316724300385
0.12405680865049362
