0.876518189907074
0.9159919023513794
0.9230769276618958
0.9301619529724121
0.9402834177017212
0.9463562965393066
0.9524291753768921
0.9615384340286255
0.9645748734474182
0.96659916639328
0.9109311699867249
0.9331983923912048
0.9412955641746521
0.9493927359580994
0.9493927359580994
0.9493927359580994
0.9595141410827637
0.9493927359580994
0.9574899077415466
0.953441321849823
0.8947368264198303
0.9109311699867249
0.9058704376220703
0.9352226853370667
0.9504048824310303
0.9331983923912048
0.9574899077415466
0.9342105388641357
0.9585019946098328
0.9443320035934448
0.8906882405281067
0.9008097052574158
0.9058704376220703
0.9261133670806885
0.9362348318099976
0.9261133670806885
0.9433198571205139
0.9271255135536194
0.9514170289039612
0.9291498064994812
0.8947368264198303
0.9170040488243103
0.9139676094055176
0.9291498064994812
0.9372469782829285
0.9402834177017212
0.9443320035934448
0.9453441500663757
0.9514170289039612
0.9524291753768921
