0.8279352188110352
0.8684210777282715
0.8967611193656921
0.8927125334739685
0.9048582911491394
0.9068825840950012
0.9190283417701721
0.9210526347160339
0.9230769276618958
0.9251012206077576
0.8663967847824097
0.908906877040863
0.9129554629325867
0.9068825840950012
0.9210526347160339
0.9129554629325867
0.9210526347160339
0.8603239059448242
0.9028339982032776
0.9048582911491394
0.9109311699867249
0.9048582911491394
0.9190283417701721
0.908906877040863
0.9129554629325867
0.9271255135536194
0.9210526347160339
0.8663967847824097
0.8947368264198303
0.9048582911491394
0.9068825840950012
0.9129554629325867
0.9230769276618958
0.931174099445343
0.9251012206077576
0.931174099445343
0.9291498064994812
