0.8384146094322205
0.897357702255249
0.9115853905677795
0.9054877758026123
0.9339430928230286
0.8993902206420898
0.9237805008888245
0.9085366129875183
0.9105691313743591
0.9258130192756653
0.8481781482696533
0.8846153616905212
0.9068825840950012
0.9068825840950012
0.9210526347160339
0.9331983923912048
0.9514170289039612
0.9109311699867249
0.9372469782829285
0.9514170289039612
0.8506097793579102
0.8851625919342041
0.9512194991111755
0.9085366129875183
0.9166666865348816
0.8831300735473633
0.9237805008888245
0.8861788511276245
0.9024389982223511
0.8810975551605225
0.8597561120986938
0.892276406288147
0.9603658318519592
0.9329268336296082
0.9217479825019836
0.8871951103210449
0.9247967600822449
0.9054877758026123
0.9308943152427673
0.9115853905677795
0.8943089246749878
0.9298780560493469
0.9126016497612
0.9258130192756653
0.9278455376625061
0.9319105744361877
0.9156504273414612
0.9288617968559265
0.9247967600822449
0.9329268336296082
