0.8866396546363831
0.9210526347160339
0.9271255135536194
0.9352226853370667
0.9372469782829285
0.9372469782829285
0.9433198571205139
0.9473684430122375
0.9493927359580994
0.953441321849823
0.8684210777282715
0.8846153616905212
0.898785412311554
0.9028339982032776
0.9129554629325867
0.9109311699867249
0.9129554629325867
0.9170040488243103
0.9190283417701721
0.9230769276618958
0.8846153616905212
0.9048582911491394
0.9170040488243103
0.9210526347160339
0.9230769276618958
0.9271255135536194
0.9271255135536194
0.9271255135536194
0.9352226853370667
0.9352226853370667
