0.8927125334739685
0.9271255135536194
0.9352226853370667
0.9493927359580994
0.9342105388641357
0.9544534683227539
0.9514170289039612
0.9625505805015564
0.9605262875556946
0.9585019946098328
0.9251012206077576
0.9676113128662109
0.9574899077415466
0.9655870199203491
0.9655870199203491
0.9615384340286255
0.9595141410827637
0.9655870199203491
0.9473684430122375
0.9635627269744873
0.9190283417701721
0.9433198571205139
0.8724696636199951
0.942307710647583
0.9372469782829285
0.9625505805015564
0.9372469782829285
0.9625505805015564
0.9585019946098328
0.96659916639328
0.9220647811889648
0.942307710647583
0.8805667757987976
0.9271255135536194
0.9463562965393066
0.953441321849823
0.9554656147956848
0.9585019946098328
0.9544534683227539
0.9554656147956848
0.8947368264198303
0.9180161952972412
0.9433198571205139
0.9412955641746521
0.9514170289039612
0.9524291753768921
0.9625505805015564
0.9625505805015564
0.9645748734474182
0.9655870199203491
