0.7712550759315491
0.8461538553237915
0.9048582911491394
0.898785412311554
0.9129554629325867
0.908906877040863
0.9149797558784485
0.9109311699867249
0.9109311699867249
0.9251012206077576
0.8421052694320679
0.9392712712287903
0.9028339982032776
0.9068825840950012
0.9352226853370667
0.9271255135536194
0.9251012206077576
0.7894737124443054
0.9048582911491394
0.9230769276618958
0.9149797558784485
0.9392712712287903
0.9433198571205139
0.908906877040863
0.931174099445343
0.9291498064994812
0.931174099445343
0.8137651681900024
0.8906882405281067
0.9109311699867249
0.9129554629325867
0.8967611193656921
0.9149797558784485
0.9210526347160339
0.9149797558784485
0.931174099445343
0.9372469782829285
