0.8542510271072388
0.9119433164596558
0.920040488243103
0.908906877040863
0.9342105388641357
0.909919023513794
0.920040488243103
0.9119433164596558
0.9159919023513794
0.9261133670806885
0.8461538553237915
0.8704453706741333
0.8906882405281067
0.9048582911491394
0.9190283417701721
0.9149797558784485
0.9251012206077576
0.898785412311554
0.9392712712287903
0.9271255135536194
0.8329959511756897
0.8997975587844849
0.9544534683227539
0.9220647811889648
0.9382591247558594
0.9058704376220703
0.9453441500663757
0.8967611193656921
0.9251012206077576
0.9038461446762085
0.8390688300132751
0.8775303363800049
0.9392712712287903
0.9261133670806885
0.9210526347160339
0.8917003870010376
0.9149797558784485
0.9129554629325867
0.9261133670806885
0.9180161952972412
0.852226734161377
0.8967611193656921
0.8836032152175903
0.8947368264198303
0.9028339982032776
0.9048582911491394
0.8967611193656921
0.9139676094055176
0.9048582911491394
0.9170040488243103
