0.9230769276618958
0.9595141410827637
0.9453441500663757
0.9453441500663757
0.9433198571205139
0.9412955641746521
0.9372469782829285
0.9453441500663757
0.9473684430122375
0.9514170289039612
0.862348198890686
0.9028339982032776
0.9210526347160339
0.9190283417701721
0.9291498064994812
0.9453441500663757
0.9291498064994812
0.9048582911491394
0.9331983923912048
0.9291498064994812
0.9514170289039612
0.9230769276618958
0.9210526347160339
0.9473684430122375
0.9433198571205139
0.9433198571205139
0.9453441500663757
0.9149797558784485
0.9251012206077576
0.9230769276618958
0.9372469782829285
0.9453441500663757
0.9433198571205139
0.9412955641746521
0.9453441500663757
0.9412955641746521
0.9473684430122375
