0.8836032152175903
0.9018218517303467
0.9038461446762085
0.9190283417701721
0.9240890741348267
0.9382591247558594
0.942307710647583
0.9473684430122375
0.942307710647583
0.9473684430122375
0.9190283417701721
0.9271255135536194
0.9412955641746521
0.9453441500663757
0.9473684430122375
0.9595141410827637
0.953441321849823
0.9554656147956848
0.9595141410827637
0.9595141410827637
0.9149797558784485
0.931174099445343
0.9433198571205139
0.9453441500663757
0.9493927359580994
0.9595141410827637
0.9615384340286255
0.9574899077415466
0.9676113128662109
0.9655870199203491
0.9129554629325867
0.9291498064994812
0.9433198571205139
0.9514170289039612
0.9574899077415466
0.9615384340286255
0.9655870199203491
0.9635627269744873
0.9574899077415466
0.9635627269744873
0.8805667757987976
0.9028339982032776
0.8866396546363831
0.8967611193656921
0.9251012206077576
0.9463562965393066
0.9412955641746521
0.9433198571205139
0.9473684430122375
0.9514170289039612
0.9109311699867249
0.9190283417701721
0.9301619529724121
0.9362348318099976
0.9372469782829285
0.9362348318099976
0.9493927359580994
0.953441321849823
0.9574899077415466
0.9544534683227539
