0.9170040488243103
0.9291498064994812
0.9291498064994812
0.9372469782829285
0.931174099445343
0.9352226853370667
0.9372469782829285
0.9392712712287903
0.9372469782829285
0.9433198571205139
0.8825910687446594
0.8684210777282715
0.8684210777282715
0.8846153616905212
0.876518189907074
0.8785424828529358
0.8825910687446594
0.876518189907074
0.8866396546363831
0.8967611193656921
0.876518189907074
0.9008097052574158
0.8947368264198303
0.8947368264198303
0.8927125334739685
0.9008097052574158
0.9028339982032776
0.9068825840950012
0.9109311699867249
0.9149797558784485
