0.9139676094055176
0.9068825840950012
0.9180161952972412
0.9362348318099976
0.9372469782829285
0.9483805894851685
0.9493927359580994
0.9453441500663757
0.9524291753768921
0.9554656147956848
0.9392712712287903
0.9453441500663757
0.9595141410827637
0.9676113128662109
0.9696356058120728
0.9696356058120728
0.9716598987579346
0.9696356058120728
0.9696356058120728
0.9716598987579346
0.931174099445343
0.9514170289039612
0.953441321849823
0.9574899077415466
0.9595141410827637
0.9655870199203491
0.9615384340286255
0.9655870199203491
0.9655870199203491
0.9655870199203491
0.9291498064994812
0.9433198571205139
0.9514170289039612
0.9595141410827637
0.9574899077415466
0.9655870199203491
0.9615384340286255
0.9635627269744873
0.9655870199203491
0.9635627269744873
0.8502024412155151
0.8886639475822449
0.8532388806343079
0.8694332242012024
0.9149797558784485
0.9331983923912048
0.9392712712287903
0.9433198571205139
0.942307710647583
0.9463562965393066
0.9109311699867249
0.9149797558784485
0.9210526347160339
0.9230769276618958
0.9230769276618958
0.9210526347160339
0.9331983923912048
0.9352226853370667
0.9402834177017212
0.9392712712287903
