0.3678145408630371
0.1540316641330719
0.13561655580997467
0.12244650721549988
0.12825074791908264
0.12066725641489029
0.1307251751422882
0.11847466230392456
0.11856969445943832
0.12169650942087173
0.4358782470226288
0.23670710623264313
0.15752391517162323
0.15460848808288574
0.15466620028018951
0.15133385360240936
0.15277257561683655
0.3447124660015106
0.18157954514026642
0.1506018340587616
0.12580600380897522
0.1579839438199997
0.16605152189731598
0.1340312361717224
0.15853086113929749
0.14700457453727722
0.14697469770908356
0.3774646520614624
0.1884543001651764
0.15973591804504395
0.14729805290699005
0.13607805967330933
0.13927465677261353
0.14194433391094208
0.1387784630060196
0.14183439314365387
0.13043750822544098
