0.3871338367462158
0.2038382887840271
0.17793850600719452
0.18947841227054596
0.14797869324684143
0.19356125593185425
0.1611965149641037
0.17145083844661713
0.17252089083194733
0.15229058265686035
0.3706335127353668
0.2634306252002716
0.22380074858665466
0.2018337994813919
0.16146090626716614
0.14824241399765015
0.1324678212404251
0.21590618789196014
0.12796691060066223
0.11965277791023254
0.4117685556411743
0.23641802370548248
0.1307981014251709
0.1959737092256546
0.1572597473859787
0.21301856637001038
0.14380837976932526
0.2094302773475647
0.17098155617713928
0.1976403295993805
0.3630771040916443
0.2233242392539978
0.11165834963321686
0.1432894468307495
0.16392408311367035
0.1957869976758957
0.1531093269586563
0.16579385101795197
0.14098763465881348
0.15881921350955963
0.3699560761451721
0.16875562071800232
0.20246008038520813
0.16198541224002838
0.1565682590007782
0.1477615237236023
0.16694891452789307
0.14600861072540283
0.15326280891895294
0.1363959163427353
