0.8663967847824097
0.9109311699867249
0.9251012206077576
0.9331983923912048
0.9392712712287903
0.9433198571205139
0.9412955641746521
0.9433198571205139
0.9433198571205139
0.9433198571205139
0.8603239059448242
0.9028339982032776
0.9251012206077576
0.9291498064994812
0.9291498064994812
0.9372469782829285
0.9392712712287903
0.8684210777282715
0.9170040488243103
0.9271255135536194
0.9331983923912048
0.931174099445343
0.9271255135536194
0.9412955641746521
0.931174099445343
0.9331983923912048
0.9412955641746521
0.8805667757987976
0.9068825840950012
0.9170040488243103
0.9352226853370667
0.9372469782829285
0.9493927359580994
0.9554656147956848
0.9554656147956848
0.9595141410827637
0.9635627269744873
