0.3308476507663727
0.20839616656303406
0.17341656982898712
0.15975919365882874
0.1504223495721817
0.14346374571323395
0.13821491599082947
0.13114391267299652
0.12671181559562683
0.12390152364969254
0.35570910573005676
0.245622918009758
0.18621638417243958
0.15021772682666779
0.12897783517837524
0.11243299394845963
0.10079266875982285
0.09097732603549957
0.08405400067567825
0.08019764721393585
0.3727799952030182
0.2486923485994339
0.19195830821990967
0.1601770967245102
0.13733750581741333
0.12205291539430618
0.11248435825109482
0.09544502943754196
0.08637134730815887
0.07763802260160446
0.3663570284843445
0.2525281608104706
0.18482433259487152
0.14807435870170593
0.12741748988628387
0.11059121787548065
0.10017717629671097
0.08885261416435242
0.08137397468090057
0.07772623747587204
0.37384694814682007
0.22823137044906616
0.19910338521003723
0.20677605271339417
0.19210979342460632
0.19637759029865265
0.16079899668693542
0.1778946816921234
0.16267108917236328
0.17075063288211823
0.3446708917617798
0.21958042681217194
0.1761394441127777
0.15472282469272614
0.147930309176445
0.13914088904857635
0.12764720618724823
0.12365508079528809
0.11992382258176804
0.11683497577905655
