0.4930700361728668
0.37102803587913513
0.292250394821167
0.2637109160423279
0.2351745367050171
0.21941271424293518
0.2193337380886078
0.21241074800491333
0.2049107700586319
0.20831818878650665
0.4712437391281128
0.3210594356060028
0.24535250663757324
0.22064724564552307
0.1916137933731079
0.17567673325538635
0.17719748616218567
0.1689128577709198
0.16487908363342285
0.17554643750190735
0.4497923254966736
0.3471061587333679
0.2735004127025604
0.23076145350933075
0.21033431589603424
0.20153994858264923
0.20234620571136475
0.1939074695110321
0.19685159623622894
0.1986914724111557
