0.8481781482696533
0.9038461446762085
0.9109311699867249
0.898785412311554
0.9230769276618958
0.9018218517303467
0.9170040488243103
0.908906877040863
0.9119433164596558
0.9230769276618958
0.852226734161377
0.876518189907074
0.8967611193656921
0.9028339982032776
0.9068825840950012
0.9170040488243103
0.931174099445343
0.9028339982032776
0.931174099445343
0.9392712712287903
0.8532388806343079
0.9139676094055176
0.9463562965393066
0.9230769276618958
0.942307710647583
0.9068825840950012
0.9463562965393066
0.9109311699867249
0.9281376600265503
0.9068825840950012
0.876518189907074
0.9038461446762085
0.931174099445343
0.9372469782829285
0.9261133670806885
0.9038461446762085
0.9301619529724121
0.9129554629325867
0.9331983923912048
0.9190283417701721
0.897773265838623
0.9180161952972412
0.908906877040863
0.9251012206077576
0.9220647811889648
0.9271255135536194
0.9170040488243103
0.9352226853370667
0.9291498064994812
0.9362348318099976
