0.3688448667526245
0.18333491683006287
0.16582122445106506
0.18101781606674194
0.1478959023952484
0.17993046343326569
0.15962830185890198
0.1627064198255539
0.15982697904109955
0.1432255506515503
0.37138837575912476
0.2886699140071869
0.24035929143428802
0.21777527034282684
0.19124798476696014
0.1907568722963333
0.154983252286911
0.22965432703495026
0.1526510864496231
0.16050440073013306
0.4087238609790802
0.20259040594100952
0.1267390251159668
0.15713737905025482
0.13073329627513885
0.17777587473392487
0.10864260047674179
0.17328307032585144
0.1390511840581894
0.17166122794151306
0.3720892667770386
0.23488354682922363
0.14127494394779205
0.16047871112823486
0.1677151322364807
0.1967591494321823
0.1522063910961151
0.16984923183918
0.16575321555137634
0.16261279582977295
0.3922713100910187
0.20593631267547607
0.2446986585855484
0.19161053001880646
0.18522939085960388
0.17903678119182587
0.19866938889026642
0.1691502034664154
0.17721965909004211
0.15524183213710785
