0.8157894611358643
0.8663967847824097
0.898785412311554
0.9028339982032776
0.9129554629325867
0.9129554629325867
0.9170040488243103
0.9170040488243103
0.9190283417701721
0.9271255135536194
0.8643724918365479
0.9109311699867249
0.9170040488243103
0.9210526347160339
0.9372469782829285
0.9271255135536194
0.9331983923912048
0.8097165822982788
0.8906882405281067
0.8947368264198303
0.9048582911491394
0.931174099445343
0.9352226853370667
0.9210526347160339
0.9412955641746521
0.9473684430122375
0.9412955641746521
0.8380566835403442
0.8846153616905212
0.898785412311554
0.9129554629325867
0.9109311699867249
0.9210526347160339
0.9331983923912048
0.9352226853370667
0.9453441500663757
0.9453441500663757
