0.4169628322124481
0.29053497314453125
0.22457687556743622
0.1845231056213379
0.17207905650138855
0.1607028692960739
0.15242457389831543
0.14803020656108856
0.14653649926185608
0.1389385610818863
0.3881378769874573
0.27716630697250366
0.21780426800251007
0.17956742644309998
0.16645130515098572
0.1622573882341385
0.15360890328884125
0.14922240376472473
0.14918655157089233
0.14088007807731628
0.45878931879997253
0.30548956990242004
0.22475534677505493
0.18665602803230286
0.16855017840862274
0.15614183247089386
0.14812308549880981
0.14514850080013275
0.1374986320734024
