0.3698822855949402
0.19962668418884277
0.18584848940372467
0.18686971068382263
0.17156358063220978
0.17651791870594025
0.1659649908542633
0.16333985328674316
0.16487745940685272
0.15250559151172638
0.36221012473106384
0.22615861892700195
0.20232617855072021
0.20420299470424652
0.15450173616409302
0.15675342082977295
0.1373763233423233
0.18943963944911957
0.12132544070482254
0.15208770334720612
0.3575271964073181
0.1947290301322937
0.1925177425146103
0.17487967014312744
0.16971346735954285
0.1824675053358078
0.15522825717926025
0.17764773964881897
0.15292799472808838
0.1687200963497162
0.34983009099960327
0.1942017525434494
0.16676628589630127
0.1631133258342743
0.1766456663608551
0.1846158653497696
0.16256381571292877
0.16511227190494537
0.15838174521923065
0.16042402386665344
0.3840940296649933
0.17474570870399475
0.19359244406223297
0.168864443898201
0.16393572092056274
0.16104337573051453
0.16641101241111755
0.15336284041404724
0.15734076499938965
0.1512158066034317
