0.3960002660751343
0.20096546411514282
0.16688446700572968
0.15178653597831726
0.14944829046726227
0.14032135903835297
0.13923591375350952
0.13633917272090912
0.13477739691734314
0.1341586858034134
0.4336453974246979
0.23526425659656525
0.171051025390625
0.15591543912887573
0.15758581459522247
0.1473199427127838
0.13673989474773407
0.39894288778305054
0.22066503763198853
0.1904527246952057
0.18400007486343384
0.20725128054618835
0.18744800984859467
0.17835071682929993
0.19336554408073425
0.18046784400939941
0.18067164719104767
0.4233592450618744
0.2373679131269455
0.20268049836158752
0.1957358419895172
0.18506619334220886
0.1801816076040268
0.18087813258171082
0.18034078180789948
0.18043698370456696
0.17216335237026215
