0.3442147672176361
0.22038275003433228
0.20056520402431488
0.20461392402648926
0.21754994988441467
0.2189899981021881
0.22591952979564667
0.22781093418598175
0.2257612943649292
0.22410300374031067
0.36364954710006714
0.25581520795822144
0.19409619271755219
0.16579915583133698
0.1493663191795349
0.13952010869979858
0.13316497206687927
0.12867532670497894
0.1274387240409851
0.1233503669500351
0.39158743619918823
0.26861685514450073
0.20827236771583557
0.17466996610164642
0.1622304469347
0.14760981500148773
0.14596717059612274
0.13784444332122803
0.13375000655651093
0.13556693494319916
0.39407485723495483
0.28855663537979126
0.22427597641944885
0.18764245510101318
0.16695575416088104
0.15813837945461273
0.15884223580360413
0.1602381020784378
0.16393567621707916
0.15653778612613678
0.38769832253456116
0.24084818363189697
0.19392231106758118
0.19253887236118317
0.19540120661258698
0.1967291235923767
0.17988932132720947
0.17706848680973053
0.16829633712768555
0.16674837470054626
0.37111857533454895
0.23561616241931915
0.18930941820144653
0.17592085897922516
0.16616642475128174
0.15859384834766388
0.16011978685855865
0.15842358767986298
0.15865468978881836
0.1544477343559265
