0.34014618396759033
0.20630136132240295
0.17356471717357635
0.17189395427703857
0.16638612747192383
0.16572026908397675
0.16165339946746826
0.15998242795467377
0.15364830195903778
0.1550181359052658
0.4169510006904602
0.3100144863128662
0.24386870861053467
0.2096242904663086
0.18704013526439667
0.17611685395240784
0.16126951575279236
0.15693391859531403
0.15717445313930511
0.15344275534152985
0.4436990022659302
0.323624849319458
0.26734989881515503
0.23509939014911652
0.21088983118534088
0.18337377905845642
0.18462541699409485
0.17334182560443878
0.16869103908538818
0.16504350304603577
0.4417230486869812
0.34164732694625854
0.27594074606895447
0.2308453917503357
0.20441225171089172
0.18922623991966248
0.18332701921463013
0.16149619221687317
0.15898795425891876
0.15514270961284637
0.37359344959259033
0.23390725255012512
0.16488362848758698
0.14664630591869354
0.15342658758163452
0.17224381864070892
0.1636112481355667
0.16479501128196716
0.15770213305950165
0.16439738869667053
0.39702853560447693
0.2418016642332077
0.18767690658569336
0.17219889163970947
0.15868574380874634
0.14798356592655182
0.1522342562675476
0.15149137377738953
0.15228267014026642
0.14697355031967163
