0.897773265838623
0.9210526347160339
0.9281376600265503
0.9301619529724121
0.9331983923912048
0.9352226853370667
0.9321862459182739
0.9443320035934448
0.9443320035934448
0.9483805894851685
0.8927125334739685
0.9230769276618958
0.9352226853370667
0.9433198571205139
0.953441321849823
0.9595141410827637
0.9635627269744873
0.9716598987579346
0.9716598987579346
0.9736841917037964
0.8906882405281067
0.9149797558784485
0.9230769276618958
0.9372469782829285
0.9433198571205139
0.9554656147956848
0.953441321849823
0.9635627269744873
0.9655870199203491
0.9696356058120728
0.8886639475822449
0.9271255135536194
0.9331983923912048
0.9433198571205139
0.9514170289039612
0.9615384340286255
0.9595141410827637
0.9696356058120728
0.9736841917037964
0.97773277759552
0.8917003870010376
0.9149797558784485
0.9129554629325867
0.9220647811889648
0.9301619529724121
0.9251012206077576
0.9291498064994812
0.9301619529724121
0.9392712712287903
0.9301619529724121
0.8704453706741333
0.920040488243103
0.931174099445343
0.9331983923912048
0.9342105388641357
0.942307710647583
0.9402834177017212
0.9493927359580994
0.9483805894851685
0.9524291753768921
