0.33020368218421936
0.19901032745838165
0.16866794228553772
0.17387506365776062
0.17113184928894043
0.17375051975250244
0.16760586202144623
0.16935370862483978
0.1598242223262787
0.16663548350334167
0.40591612458229065
0.28521546721458435
0.20967647433280945
0.17189030349254608
0.1449504941701889
0.1297331005334854
0.11630741506814957
0.11143610626459122
0.10567296296358109
0.09927751123905182
0.4406425952911377
0.310097336769104
0.24362455308437347
0.2051999717950821
0.18581724166870117
0.15975189208984375
0.15310083329677582
0.13723385334014893
0.12486808001995087
0.12321002781391144
0.4383362829685211
0.31949347257614136
0.23866502940654755
0.1844066083431244
0.15723229944705963
0.1352890282869339
0.12651102244853973
0.11774033308029175
0.11356961727142334
0.11084392666816711
0.3639082908630371
0.24064093828201294
0.16580407321453094
0.1445150226354599
0.16784223914146423
0.18838827311992645
0.18984682857990265
0.18178489804267883
0.17550139129161835
0.17850236594676971
0.4277802109718323
0.27269238233566284
0.2193254977464676
0.20312583446502686
0.1851772516965866
0.16945789754390717
0.1774490773677826
0.17789185047149658
0.18329443037509918
0.1726927012205124
