0.3560001850128174
0.17156538367271423
0.15333808958530426
0.1439475119113922
0.14233440160751343
0.13038553297519684
0.123299241065979
0.11328080296516418
0.10955025255680084
0.10261864960193634
0.34217801690101624
0.1845194399356842
0.13547758758068085
0.11955439299345016
0.12248554825782776
0.10111819952726364
0.11284874379634857
0.13855962455272675
0.10881295055150986
0.11841483414173126
0.3388674557209015
0.19250398874282837
0.175352543592453
0.13967657089233398
0.1266796588897705
0.14310169219970703
0.11504910886287689
0.13527299463748932
0.10513198375701904
0.12556476891040802
0.34474384784698486
0.20871013402938843
0.1831980049610138
0.15145951509475708
0.14524827897548676
0.16803283989429474
0.13203011453151703
0.1546483188867569
0.12820318341255188
0.16146637499332428
0.38900449872016907
0.17585548758506775
0.1646319180727005
0.15064425766468048
0.13875524699687958
0.1327996701002121
0.1324700117111206
0.12667733430862427
0.12014321237802505
0.12014272063970566
