0.8937246799468994
0.9190283417701721
0.9190283417701721
0.9230769276618958
0.9240890741348267
0.9240890741348267
0.9220647811889648
0.9230769276618958
0.9342105388641357
0.9301619529724121
0.8218623399734497
0.8704453706741333
0.8886639475822449
0.9008097052574158
0.9129554629325867
0.9129554629325867
0.9170040488243103
0.9190283417701721
0.9251012206077576
0.9251012206077576
0.8137651681900024
0.8562753200531006
0.876518189907074
0.8846153616905212
0.898785412311554
0.9129554629325867
0.9149797558784485
0.9170040488243103
0.9230769276618958
0.9210526347160339
0.8198380470275879
0.8481781482696533
0.8744939565658569
0.8947368264198303
0.908906877040863
0.9170040488243103
0.9190283417701721
0.9230769276618958
0.9230769276618958
0.9372469782829285
0.9008097052574158
0.9190283417701721
0.931174099445343
0.9342105388641357
0.931174099445343
0.9149797558784485
0.9220647811889648
0.9180161952972412
0.9261133670806885
0.9190283417701721
0.8259109258651733
0.9028339982032776
0.9139676094055176
0.9210526347160339
0.9271255135536194
0.931174099445343
0.9240890741348267
0.9261133670806885
0.9251012206077576
0.9251012206077576
