0.8137651681900024
0.8603239059448242
0.8906882405281067
0.8967611193656921
0.9190283417701721
0.908906877040863
0.9129554629325867
0.9170040488243103
0.9129554629325867
0.9190283417701721
0.8704453706741333
0.9210526347160339
0.9170040488243103
0.9271255135536194
0.9291498064994812
0.9291498064994812
0.9291498064994812
0.8319838047027588
0.908906877040863
0.9068825840950012
0.9149797558784485
0.9190283417701721
0.9392712712287903
0.9291498064994812
0.9372469782829285
0.9230769276618958
0.9291498064994812
0.8421052694320679
0.8866396546363831
0.9190283417701721
0.9251012206077576
0.9109311699867249
0.9291498064994812
0.9352226853370667
0.9352226853370667
0.9372469782829285
0.9352226853370667
