0.4043548107147217
0.28532788157463074
0.21945135295391083
0.1816524714231491
0.1681174784898758
0.16266660392284393
0.1516760140657425
0.15054161846637726
0.15285585820674896
0.1494589000940323
0.3815455734729767
0.28120192885398865
0.22661283612251282
0.18226616084575653
0.1778758019208908
0.17306531965732574
0.16140282154083252
0.16202029585838318
0.16115012764930725
0.14777067303657532
0.45018795132637024
0.29373884201049805
0.21501444280147552
0.18137454986572266
0.1667729914188385
0.1563354730606079
0.15123426914215088
0.14978231489658356
0.14759480953216553
0.14480242133140564
