0.39043787121772766
0.2765018939971924
0.22491559386253357
0.18835584819316864
0.18514345586299896
0.18070124089717865
0.17229226231575012
0.17311513423919678
0.17324230074882507
0.16422857344150543
0.3678301274776459
0.2847296893596649
0.23389485478401184
0.18701763451099396
0.18437181413173676
0.18317367136478424
0.16804945468902588
0.16627375781536102
0.16932955384254456
0.15127144753932953
0.4807030260562897
0.3049148619174957
0.22293242812156677
0.18876564502716064
0.1685417741537094
0.15692348778247833
0.14519110321998596
0.14424385130405426
0.13703931868076324
0.13196112215518951
