0.8319838047027588
0.8805667757987976
0.8906882405281067
0.9008097052574158
0.9048582911491394
0.9068825840950012
0.9210526347160339
0.9109311699867249
0.9149797558784485
0.9251012206077576
0.8441295623779297
0.9028339982032776
0.9210526347160339
0.9210526347160339
0.9170040488243103
0.9230769276618958
0.9291498064994812
0.8340080976486206
0.898785412311554
0.9170040488243103
0.9230769276618958
0.9352226853370667
0.9331983923912048
0.9352226853370667
0.9433198571205139
0.9433198571205139
0.9352226853370667
0.8562753200531006
0.9028339982032776
0.9190283417701721
0.9210526347160339
0.9129554629325867
0.931174099445343
0.9372469782829285
0.9392712712287903
0.9453441500663757
0.9473684430122375
