0.3408631384372711
0.16589784622192383
0.1617310643196106
0.14099624752998352
0.1638518124818802
0.12994596362113953
0.13887201249599457
0.12518492341041565
0.12280681729316711
0.129254549741745
0.32262179255485535
0.1387147605419159
0.09466809779405594
0.10367859154939651
0.10241485387086868
0.10331778228282928
0.12067136913537979
0.10013778507709503
0.12935346364974976
0.09021005779504776
0.29778799414634705
0.1582629680633545
0.2581874430179596
0.15512776374816895
0.15255412459373474
0.12248691916465759
0.1511658877134323
0.12396545708179474
0.13175617158412933
0.12443866580724716
0.3156215250492096
0.1387997716665268
0.21556630730628967
0.1503371298313141
0.13924910128116608
0.12036394327878952
0.1219124048948288
0.12363969534635544
0.1268739104270935
0.12568096816539764
0.3938022553920746
0.16581939160823822
0.1319122314453125
0.13899332284927368
0.13051752746105194
0.12896832823753357
0.11740665137767792
0.12115024775266647
0.11135054379701614
0.12016644328832626
