0.8825910687446594
0.9129554629325867
0.9170040488243103
0.9129554629325867
0.9170040488243103
0.9170040488243103
0.9119433164596558
0.9149797558784485
0.9190283417701721
0.9139676094055176
0.8279352188110352
0.862348198890686
0.8866396546363831
0.9068825840950012
0.9149797558784485
0.9291498064994812
0.9331983923912048
0.9372469782829285
0.931174099445343
0.9372469782829285
0.8097165822982788
0.8441295623779297
0.8684210777282715
0.8825910687446594
0.8906882405281067
0.9149797558784485
0.9170040488243103
0.9271255135536194
0.9251012206077576
0.9251012206077576
0.8157894611358643
0.852226734161377
0.8643724918365479
0.8927125334739685
0.908906877040863
0.9210526347160339
0.9291498064994812
0.9331983923912048
0.9453441500663757
0.9453441500663757
0.9068825840950012
0.920040488243103
0.9463562965393066
0.9524291753768921
0.9443320035934448
0.9190283417701721
0.9139676094055176
0.9220647811889648
0.9291498064994812
0.9251012206077576
0.8127530217170715
0.8997975587844849
0.9159919023513794
0.9210526347160339
0.9251012206077576
0.9251012206077576
0.9190283417701721
0.9210526347160339
0.9159919023513794
0.9220647811889648
