0.38966596126556396
0.2663310766220093
0.2050093710422516
0.16479526460170746
0.15576167404651642
0.15120865404605865
0.13939324021339417
0.1385047435760498
0.13863112032413483
0.13273392617702484
0.3990687131881714
0.3314487636089325
0.2904975116252899
0.24983684718608856
0.25455671548843384
0.2591492831707001
0.24356816709041595
0.2415471076965332
0.25120434165000916
0.23266468942165375
0.488535612821579
0.33678576350212097
0.26815351843833923
0.2384299337863922
0.22379955649375916
0.21276676654815674
0.20376376807689667
0.2030712068080902
0.1955387145280838
0.18781353533267975
