0.8238866329193115
0.8704453706741333
0.898785412311554
0.898785412311554
0.9109311699867249
0.9170040488243103
0.9210526347160339
0.9230769276618958
0.9251012206077576
0.9230769276618958
0.8259109258651733
0.9008097052574158
0.9149797558784485
0.9230769276618958
0.9392712712287903
0.9372469782829285
0.9331983923912048
0.9412955641746521
0.9412955641746521
0.9473684430122375
0.8724696636199951
0.8886639475822449
0.9210526347160339
0.9271255135536194
0.9271255135536194
0.9210526347160339
0.9291498064994812
0.9352226853370667
0.9331983923912048
