0.8279352188110352
0.8744939565658569
0.8866396546363831
0.8886639475822449
0.8947368264198303
0.898785412311554
0.908906877040863
0.9190283417701721
0.9230769276618958
0.9230769276618958
0.8643724918365479
0.9210526347160339
0.9271255135536194
0.9392712712287903
0.9493927359580994
0.9433198571205139
0.9433198571205139
0.9352226853370667
0.9412955641746521
0.9433198571205139
0.8643724918365479
0.898785412311554
0.9149797558784485
0.9149797558784485
0.9190283417701721
0.9291498064994812
0.9271255135536194
0.931174099445343
0.931174099445343
0.9392712712287903
