0.39197447896003723
0.2736731171607971
0.21009783446788788
0.17583699524402618
0.16551001369953156
0.15794618427753448
0.1492549628019333
0.14541025459766388
0.14192122220993042
0.13562743365764618
0.3833608627319336
0.29567939043045044
0.24243773519992828
0.20161005854606628
0.19538356363773346
0.1922655701637268
0.17826955020427704
0.17514362931251526
0.1740645468235016
0.15693676471710205
0.4611598551273346
0.30468255281448364
0.22831636667251587
0.1951659470796585
0.17593684792518616
0.1640927642583847
0.15172582864761353
0.1468951404094696
0.14052990078926086
0.13593068718910217
