0.8593117594718933
0.908906877040863
0.9078947305679321
0.9180161952972412
0.9170040488243103
0.9190283417701721
0.9149797558784485
0.9261133670806885
0.9220647811889648
0.9362348318099976
0.8643724918365479
0.9109311699867249
0.9210526347160339
0.9271255135536194
0.9271255135536194
0.9271255135536194
0.9392712712287903
0.9251012206077576
0.9392712712287903
0.9291498064994812
0.8724696636199951
0.9008097052574158
0.8997975587844849
0.9129554629325867
0.9129554629325867
0.8997975587844849
0.9251012206077576
0.9038461446762085
0.9281376600265503
0.9149797558784485
0.876518189907074
0.9119433164596558
0.931174099445343
0.9281376600265503
0.9180161952972412
0.9180161952972412
0.920040488243103
0.9261133670806885
0.9301619529724121
0.9240890741348267
0.8836032152175903
0.9149797558784485
0.9119433164596558
0.9190283417701721
0.9291498064994812
0.920040488243103
0.9159919023513794
0.9281376600265503
0.9230769276618958
0.9331983923912048
